2020-08-13 INFO  c.a.c.p.CamelProducerApplication - Starting CamelProducerApplication on DESKTOP-9980I0V with PID 12620 (D:\Personal\Projectss\ascenthr_devops_java_stack\Java_source\CamelProducer\target\classes started by sureshd in D:\Personal\Projectss\ascenthr_devops_java_stack\Java_source\CamelProducer)
2020-08-13 INFO  c.a.c.p.CamelProducerApplication - No active profile set, falling back to default profiles: default
2020-08-13 INFO  o.s.b.d.e.DevToolsPropertyDefaultsPostProcessor - Devtools property defaults active! Set 'spring.devtools.add-properties' to 'false' to disable
2020-08-13 INFO  o.s.b.d.e.DevToolsPropertyDefaultsPostProcessor - For additional web related logging consider setting the 'logging.level.web' property to 'DEBUG'
2020-08-13 INFO  o.s.c.s.PostProcessorRegistrationDelegate$BeanPostProcessorChecker - Bean 'org.apache.camel.spring.boot.CamelAutoConfiguration' of type [org.apache.camel.spring.boot.CamelAutoConfiguration$$EnhancerBySpringCGLIB$$66ac6e5d] is not eligible for getting processed by all BeanPostProcessors (for example: not eligible for auto-proxying)
2020-08-13 INFO  o.s.b.w.e.tomcat.TomcatWebServer - Tomcat initialized with port(s): 8085 (http)
2020-08-13 INFO  o.a.catalina.core.StandardService - Starting service [Tomcat]
2020-08-13 INFO  o.a.catalina.core.StandardEngine - Starting Servlet engine: [Apache Tomcat/9.0.36]
2020-08-13 INFO  o.a.c.c.C.[Tomcat].[localhost].[/] - Initializing Spring embedded WebApplicationContext
2020-08-13 INFO  o.s.web.context.ContextLoader - Root WebApplicationContext: initialization completed in 2188 ms
2020-08-13 INFO  o.a.camel.support.LRUCacheFactory - Detected and using LRUCacheFactory: camel-caffeine-lrucache
2020-08-13 WARN  o.a.c.i.e.DefaultCamelBeanPostProcessor - No CamelContext defined yet so cannot inject into bean: org.apache.camel.impl.health.DefaultHealthCheckRegistry
2020-08-13 INFO  o.s.s.c.ThreadPoolTaskExecutor - Initializing ExecutorService 'applicationTaskExecutor'
2020-08-13 INFO  o.a.c.i.e.BaseExecutorServiceManager - Using custom DefaultThreadPoolProfile: ThreadPoolProfile[default (true) size:20-20, keepAlive:60 SECONDS, maxQueue:1000, allowCoreThreadTimeOut:true, rejectedPolicy:CallerRuns]
2020-08-13 INFO  o.s.b.d.a.OptionalLiveReloadServer - LiveReload server is running on port 35729
2020-08-13 INFO  o.s.b.a.e.web.EndpointLinksResolver - Exposing 1 endpoint(s) beneath base path '/actuator'
2020-08-13 INFO  o.a.c.s.b.SpringBootRoutesCollector - Loading additional Camel XML routes from: classpath:camel/*.xml
2020-08-13 INFO  o.a.c.s.b.SpringBootRoutesCollector - Loading additional Camel XML rests from: classpath:camel-rest/*.xml
2020-08-13 WARN  o.a.c.c.rabbitmq.RabbitMQComponent - The old syntax rabbitmq://hostname:port/exchangeName is deprecated. You should configure the hostname on the component or ConnectionFactory
2020-08-13 INFO  o.a.c.i.engine.AbstractCamelContext - Apache Camel 3.4.0 (camel-1) is starting
2020-08-13 INFO  o.a.c.i.engine.AbstractCamelContext - StreamCaching is not in use. If using streams then its recommended to enable stream caching. See more details at http://camel.apache.org/stream-caching.html
2020-08-13 INFO  o.a.c.i.engine.AbstractCamelContext - Using HealthCheck: camel-spring-boot
2020-08-13 INFO  o.a.c.c.jackson.JacksonDataFormat - The option autoDiscoverObjectMapper is set to false, Camel won't search in the registry
2020-08-13 INFO  o.a.c.i.e.InternalRouteStartupManager - Route: rabbitEmployeeRoute started and consuming from: direct://rabbitEmployeePoint
2020-08-13 INFO  o.a.c.i.engine.AbstractCamelContext - Total 1 routes, of which 1 are started
2020-08-13 INFO  o.a.c.i.engine.AbstractCamelContext - Apache Camel 3.4.0 (camel-1) started in 0.131 seconds
2020-08-13 INFO  o.s.b.w.e.tomcat.TomcatWebServer - Tomcat started on port(s): 8085 (http) with context path ''
2020-08-13 INFO  c.a.c.p.CamelProducerApplication - Started CamelProducerApplication in 4.706 seconds (JVM running for 7.366)
2020-08-13 INFO  o.a.c.c.C.[Tomcat].[localhost].[/] - Initializing Spring DispatcherServlet 'dispatcherServlet'
2020-08-13 INFO  o.s.web.servlet.DispatcherServlet - Initializing Servlet 'dispatcherServlet'
2020-08-13 INFO  o.s.web.servlet.DispatcherServlet - Completed initialization in 8 ms
2020-08-13 INFO  c.a.c.p.controller.UploadController - Received Employee CSV upload request submitted by TENANTID=65654321
2020-08-13 INFO  c.a.c.p.controller.UploadController - Uploaded file successfully - employee.csv. Request submitted by TENANTID=65654321
2020-08-13 INFO  c.a.c.producer.route.RabbitMQRoute - Received message to split and transform into JSON and forward it to RabbitMQ queue
2020-08-13 INFO  c.a.c.p.splitter.EmployeeSplitter - TENANTID=65654321. Splitting employees into specified chunks of count 1. Total incoming employee count= 5
2020-08-13 INFO  c.a.c.p.splitter.EmployeeSplitter - TENANTID=65654321. Splitted employees into chunks. Total messages= 5
2020-08-13 INFO  c.a.c.producer.route.RabbitMQRoute - Transformed into JSON and sending to RabbitMQ queue
2020-08-13 INFO  c.a.c.producer.route.RabbitMQRoute - Transformed into JSON and sending to RabbitMQ queue
2020-08-13 INFO  c.a.c.producer.route.RabbitMQRoute - Transformed into JSON and sending to RabbitMQ queue
2020-08-13 INFO  c.a.c.producer.route.RabbitMQRoute - Transformed into JSON and sending to RabbitMQ queue
2020-08-13 INFO  c.a.c.producer.route.RabbitMQRoute - Transformed into JSON and sending to RabbitMQ queue
2020-08-13 INFO  o.s.b.a.SpringApplicationAdminMXBeanRegistrar$SpringApplicationAdmin - Application shutdown requested.
2020-08-13 INFO  o.a.c.i.engine.AbstractCamelContext - Apache Camel 3.4.0 (camel-1) is shutting down
2020-08-13 INFO  o.a.c.i.e.DefaultShutdownStrategy - Starting to graceful shutdown 1 routes (timeout 45 seconds)
2020-08-13 INFO  o.a.c.i.e.DefaultShutdownStrategy - Route: rabbitEmployeeRoute shutdown complete, was consuming from: direct://rabbitEmployeePoint
2020-08-13 INFO  o.a.c.i.e.DefaultShutdownStrategy - Graceful shutdown of 1 routes completed in 0 seconds
2020-08-13 INFO  o.a.c.i.engine.AbstractCamelContext - Apache Camel 3.4.0 (camel-1) uptime 10 minutes
2020-08-13 INFO  o.a.c.i.engine.AbstractCamelContext - Apache Camel 3.4.0 (camel-1) is shutdown in 0.026 seconds
2020-08-13 INFO  o.s.s.c.ThreadPoolTaskExecutor - Shutting down ExecutorService 'applicationTaskExecutor'
2020-08-13 INFO  c.a.c.p.CamelProducerApplication - Starting CamelProducerApplication on DESKTOP-9980I0V with PID 21332 (D:\Personal\Projectss\ascenthr_devops_java_stack\Java_source\CamelProducer\target\classes started by sureshd in D:\Personal\Projectss\ascenthr_devops_java_stack\Java_source\CamelProducer)
2020-08-13 INFO  c.a.c.p.CamelProducerApplication - No active profile set, falling back to default profiles: default
2020-08-13 INFO  o.s.b.d.e.DevToolsPropertyDefaultsPostProcessor - Devtools property defaults active! Set 'spring.devtools.add-properties' to 'false' to disable
2020-08-13 INFO  o.s.b.d.e.DevToolsPropertyDefaultsPostProcessor - For additional web related logging consider setting the 'logging.level.web' property to 'DEBUG'
2020-08-13 INFO  o.s.c.s.PostProcessorRegistrationDelegate$BeanPostProcessorChecker - Bean 'org.apache.camel.spring.boot.CamelAutoConfiguration' of type [org.apache.camel.spring.boot.CamelAutoConfiguration$$EnhancerBySpringCGLIB$$50843379] is not eligible for getting processed by all BeanPostProcessors (for example: not eligible for auto-proxying)
2020-08-13 INFO  o.s.b.w.e.tomcat.TomcatWebServer - Tomcat initialized with port(s): 8085 (http)
2020-08-13 INFO  o.a.catalina.core.StandardService - Starting service [Tomcat]
2020-08-13 INFO  o.a.catalina.core.StandardEngine - Starting Servlet engine: [Apache Tomcat/9.0.36]
2020-08-13 INFO  o.a.c.c.C.[Tomcat].[localhost].[/] - Initializing Spring embedded WebApplicationContext
2020-08-13 INFO  o.s.web.context.ContextLoader - Root WebApplicationContext: initialization completed in 2087 ms
2020-08-13 INFO  o.a.camel.support.LRUCacheFactory - Detected and using LRUCacheFactory: camel-caffeine-lrucache
2020-08-13 WARN  o.a.c.i.e.DefaultCamelBeanPostProcessor - No CamelContext defined yet so cannot inject into bean: org.apache.camel.impl.health.DefaultHealthCheckRegistry
2020-08-13 INFO  o.s.s.c.ThreadPoolTaskExecutor - Initializing ExecutorService 'applicationTaskExecutor'
2020-08-13 INFO  o.a.c.i.e.BaseExecutorServiceManager - Using custom DefaultThreadPoolProfile: ThreadPoolProfile[default (true) size:20-20, keepAlive:60 SECONDS, maxQueue:1000, allowCoreThreadTimeOut:true, rejectedPolicy:CallerRuns]
2020-08-13 INFO  o.s.b.d.a.OptionalLiveReloadServer - LiveReload server is running on port 35729
2020-08-13 INFO  o.s.b.a.e.web.EndpointLinksResolver - Exposing 1 endpoint(s) beneath base path '/actuator'
2020-08-13 INFO  o.a.c.s.b.SpringBootRoutesCollector - Loading additional Camel XML routes from: classpath:camel/*.xml
2020-08-13 INFO  o.a.c.s.b.SpringBootRoutesCollector - Loading additional Camel XML rests from: classpath:camel-rest/*.xml
2020-08-13 INFO  o.a.c.c.C.[Tomcat].[localhost].[/] - Initializing Spring DispatcherServlet 'dispatcherServlet'
2020-08-13 INFO  o.s.web.servlet.DispatcherServlet - Initializing Servlet 'dispatcherServlet'
2020-08-13 INFO  o.s.web.servlet.DispatcherServlet - Completed initialization in 10 ms
2020-08-13 WARN  o.a.c.c.rabbitmq.RabbitMQComponent - The old syntax rabbitmq://hostname:port/exchangeName is deprecated. You should configure the hostname on the component or ConnectionFactory
2020-08-13 INFO  o.a.c.i.engine.AbstractCamelContext - Apache Camel 3.4.0 (camel-1) is starting
2020-08-13 INFO  o.a.c.i.engine.AbstractCamelContext - StreamCaching is not in use. If using streams then its recommended to enable stream caching. See more details at http://camel.apache.org/stream-caching.html
2020-08-13 INFO  o.a.c.i.engine.AbstractCamelContext - Using HealthCheck: camel-spring-boot
2020-08-13 INFO  o.a.c.c.jackson.JacksonDataFormat - The option autoDiscoverObjectMapper is set to false, Camel won't search in the registry
2020-08-13 INFO  o.a.c.i.e.InternalRouteStartupManager - Route: rabbitEmployeeRoute started and consuming from: direct://rabbitEmployeePoint
2020-08-13 INFO  o.a.c.i.engine.AbstractCamelContext - Total 1 routes, of which 1 are started
2020-08-13 INFO  o.a.c.i.engine.AbstractCamelContext - Apache Camel 3.4.0 (camel-1) started in 0.099 seconds
2020-08-13 INFO  o.s.b.w.e.tomcat.TomcatWebServer - Tomcat started on port(s): 8085 (http) with context path ''
2020-08-13 INFO  c.a.c.p.CamelProducerApplication - Started CamelProducerApplication in 4.919 seconds (JVM running for 6.746)
2020-08-13 INFO  o.s.b.a.SpringApplicationAdminMXBeanRegistrar$SpringApplicationAdmin - Application shutdown requested.
2020-08-13 INFO  o.a.c.i.engine.AbstractCamelContext - Apache Camel 3.4.0 (camel-1) is shutting down
2020-08-13 INFO  o.a.c.i.e.DefaultShutdownStrategy - Starting to graceful shutdown 1 routes (timeout 45 seconds)
2020-08-13 INFO  o.a.c.i.e.DefaultShutdownStrategy - Route: rabbitEmployeeRoute shutdown complete, was consuming from: direct://rabbitEmployeePoint
2020-08-13 INFO  o.a.c.i.e.DefaultShutdownStrategy - Graceful shutdown of 1 routes completed in 0 seconds
2020-08-13 INFO  o.a.c.i.engine.AbstractCamelContext - Apache Camel 3.4.0 (camel-1) uptime 1 minute
2020-08-13 INFO  o.a.c.i.engine.AbstractCamelContext - Apache Camel 3.4.0 (camel-1) is shutdown in 0.026 seconds
2020-08-13 INFO  o.s.s.c.ThreadPoolTaskExecutor - Shutting down ExecutorService 'applicationTaskExecutor'
2020-08-13 INFO  c.a.c.p.CamelProducerApplication - Starting CamelProducerApplication on DESKTOP-9980I0V with PID 12620 (D:\Personal\Projectss\ascenthr_devops_java_stack\Java_source\CamelProducer\target\classes started by sureshd in D:\Personal\Projectss\ascenthr_devops_java_stack\Java_source\CamelProducer)
2020-08-13 INFO  c.a.c.p.CamelProducerApplication - No active profile set, falling back to default profiles: default
2020-08-13 INFO  o.s.b.d.e.DevToolsPropertyDefaultsPostProcessor - Devtools property defaults active! Set 'spring.devtools.add-properties' to 'false' to disable
2020-08-13 INFO  o.s.b.d.e.DevToolsPropertyDefaultsPostProcessor - For additional web related logging consider setting the 'logging.level.web' property to 'DEBUG'
2020-08-13 INFO  o.s.c.s.PostProcessorRegistrationDelegate$BeanPostProcessorChecker - Bean 'org.apache.camel.spring.boot.CamelAutoConfiguration' of type [org.apache.camel.spring.boot.CamelAutoConfiguration$$EnhancerBySpringCGLIB$$85f66e5b] is not eligible for getting processed by all BeanPostProcessors (for example: not eligible for auto-proxying)
2020-08-13 INFO  o.s.b.w.e.tomcat.TomcatWebServer - Tomcat initialized with port(s): 8085 (http)
2020-08-13 INFO  o.a.catalina.core.StandardService - Starting service [Tomcat]
2020-08-13 INFO  o.a.catalina.core.StandardEngine - Starting Servlet engine: [Apache Tomcat/9.0.36]
2020-08-13 INFO  o.a.c.c.C.[Tomcat].[localhost].[/] - Initializing Spring embedded WebApplicationContext
2020-08-13 INFO  o.s.web.context.ContextLoader - Root WebApplicationContext: initialization completed in 2148 ms
2020-08-13 INFO  o.a.camel.support.LRUCacheFactory - Detected and using LRUCacheFactory: camel-caffeine-lrucache
2020-08-13 WARN  o.a.c.i.e.DefaultCamelBeanPostProcessor - No CamelContext defined yet so cannot inject into bean: org.apache.camel.impl.health.DefaultHealthCheckRegistry
2020-08-13 INFO  o.s.s.c.ThreadPoolTaskExecutor - Initializing ExecutorService 'applicationTaskExecutor'
2020-08-13 INFO  o.a.c.i.e.BaseExecutorServiceManager - Using custom DefaultThreadPoolProfile: ThreadPoolProfile[default (true) size:20-20, keepAlive:60 SECONDS, maxQueue:1000, allowCoreThreadTimeOut:true, rejectedPolicy:CallerRuns]
2020-08-13 INFO  o.s.b.d.a.OptionalLiveReloadServer - LiveReload server is running on port 35729
2020-08-13 INFO  o.s.b.a.e.web.EndpointLinksResolver - Exposing 1 endpoint(s) beneath base path '/actuator'
2020-08-13 INFO  o.a.c.s.b.SpringBootRoutesCollector - Loading additional Camel XML routes from: classpath:camel/*.xml
2020-08-13 INFO  o.a.c.s.b.SpringBootRoutesCollector - Loading additional Camel XML rests from: classpath:camel-rest/*.xml
2020-08-13 WARN  o.a.c.c.rabbitmq.RabbitMQComponent - The old syntax rabbitmq://hostname:port/exchangeName is deprecated. You should configure the hostname on the component or ConnectionFactory
2020-08-13 INFO  o.a.c.i.engine.AbstractCamelContext - Apache Camel 3.4.0 (camel-1) is starting
2020-08-13 INFO  o.a.c.i.engine.AbstractCamelContext - StreamCaching is not in use. If using streams then its recommended to enable stream caching. See more details at http://camel.apache.org/stream-caching.html
2020-08-13 INFO  o.a.c.i.engine.AbstractCamelContext - Using HealthCheck: camel-spring-boot
2020-08-13 INFO  o.a.c.c.jackson.JacksonDataFormat - The option autoDiscoverObjectMapper is set to false, Camel won't search in the registry
2020-08-13 INFO  o.a.c.i.e.InternalRouteStartupManager - Route: rabbitEmployeeRoute started and consuming from: direct://rabbitEmployeePoint
2020-08-13 INFO  o.a.c.i.engine.AbstractCamelContext - Total 1 routes, of which 1 are started
2020-08-13 INFO  o.a.c.i.engine.AbstractCamelContext - Apache Camel 3.4.0 (camel-1) started in 0.100 seconds
2020-08-13 INFO  o.s.b.w.e.tomcat.TomcatWebServer - Tomcat started on port(s): 8085 (http) with context path ''
2020-08-13 INFO  c.a.c.p.CamelProducerApplication - Started CamelProducerApplication in 4.791 seconds (JVM running for 6.3)
2020-08-13 INFO  o.a.c.c.C.[Tomcat].[localhost].[/] - Initializing Spring DispatcherServlet 'dispatcherServlet'
2020-08-13 INFO  o.s.web.servlet.DispatcherServlet - Initializing Servlet 'dispatcherServlet'
2020-08-13 INFO  o.s.web.servlet.DispatcherServlet - Completed initialization in 10 ms
2020-08-13 INFO  o.s.b.a.SpringApplicationAdminMXBeanRegistrar$SpringApplicationAdmin - Application shutdown requested.
2020-08-13 INFO  o.a.c.i.engine.AbstractCamelContext - Apache Camel 3.4.0 (camel-1) is shutting down
2020-08-13 INFO  o.a.c.i.e.DefaultShutdownStrategy - Starting to graceful shutdown 1 routes (timeout 45 seconds)
2020-08-13 INFO  o.a.c.i.e.DefaultShutdownStrategy - Route: rabbitEmployeeRoute shutdown complete, was consuming from: direct://rabbitEmployeePoint
2020-08-13 INFO  o.a.c.i.e.DefaultShutdownStrategy - Graceful shutdown of 1 routes completed in 0 seconds
2020-08-13 INFO  o.a.c.i.engine.AbstractCamelContext - Apache Camel 3.4.0 (camel-1) uptime 2 minutes
2020-08-13 INFO  o.a.c.i.engine.AbstractCamelContext - Apache Camel 3.4.0 (camel-1) is shutdown in 0.029 seconds
2020-08-13 INFO  o.s.s.c.ThreadPoolTaskExecutor - Shutting down ExecutorService 'applicationTaskExecutor'
2020-08-13 INFO  c.a.c.p.CamelProducerApplication - Starting CamelProducerApplication on DESKTOP-9980I0V with PID 18888 (D:\Personal\Projectss\ascenthr_devops_java_stack\Java_source\CamelProducer\target\classes started by sureshd in D:\Personal\Projectss\ascenthr_devops_java_stack\Java_source\CamelProducer)
2020-08-13 INFO  c.a.c.p.CamelProducerApplication - No active profile set, falling back to default profiles: default
2020-08-13 INFO  o.s.b.d.e.DevToolsPropertyDefaultsPostProcessor - Devtools property defaults active! Set 'spring.devtools.add-properties' to 'false' to disable
2020-08-13 INFO  o.s.b.d.e.DevToolsPropertyDefaultsPostProcessor - For additional web related logging consider setting the 'logging.level.web' property to 'DEBUG'
2020-08-13 INFO  o.s.c.s.PostProcessorRegistrationDelegate$BeanPostProcessorChecker - Bean 'org.apache.camel.spring.boot.CamelAutoConfiguration' of type [org.apache.camel.spring.boot.CamelAutoConfiguration$$EnhancerBySpringCGLIB$$10f71b8e] is not eligible for getting processed by all BeanPostProcessors (for example: not eligible for auto-proxying)
2020-08-13 INFO  o.s.b.w.e.tomcat.TomcatWebServer - Tomcat initialized with port(s): 8085 (http)
2020-08-13 INFO  o.a.catalina.core.StandardService - Starting service [Tomcat]
2020-08-13 INFO  o.a.catalina.core.StandardEngine - Starting Servlet engine: [Apache Tomcat/9.0.36]
2020-08-13 INFO  o.a.c.c.C.[Tomcat].[localhost].[/] - Initializing Spring embedded WebApplicationContext
2020-08-13 INFO  o.s.web.context.ContextLoader - Root WebApplicationContext: initialization completed in 2161 ms
2020-08-13 INFO  o.a.camel.support.LRUCacheFactory - Detected and using LRUCacheFactory: camel-caffeine-lrucache
2020-08-13 WARN  o.a.c.i.e.DefaultCamelBeanPostProcessor - No CamelContext defined yet so cannot inject into bean: org.apache.camel.impl.health.DefaultHealthCheckRegistry
2020-08-13 INFO  o.s.s.c.ThreadPoolTaskExecutor - Initializing ExecutorService 'applicationTaskExecutor'
2020-08-13 INFO  o.a.c.i.e.BaseExecutorServiceManager - Using custom DefaultThreadPoolProfile: ThreadPoolProfile[default (true) size:20-20, keepAlive:60 SECONDS, maxQueue:1000, allowCoreThreadTimeOut:true, rejectedPolicy:CallerRuns]
2020-08-13 INFO  o.s.b.d.a.OptionalLiveReloadServer - LiveReload server is running on port 35729
2020-08-13 INFO  o.s.b.a.e.web.EndpointLinksResolver - Exposing 1 endpoint(s) beneath base path '/actuator'
2020-08-13 INFO  o.a.c.s.b.SpringBootRoutesCollector - Loading additional Camel XML routes from: classpath:camel/*.xml
2020-08-13 INFO  o.a.c.s.b.SpringBootRoutesCollector - Loading additional Camel XML rests from: classpath:camel-rest/*.xml
2020-08-13 WARN  o.a.c.c.rabbitmq.RabbitMQComponent - The old syntax rabbitmq://hostname:port/exchangeName is deprecated. You should configure the hostname on the component or ConnectionFactory
2020-08-13 INFO  o.a.c.i.engine.AbstractCamelContext - Apache Camel 3.4.0 (camel-1) is starting
2020-08-13 INFO  o.a.c.i.engine.AbstractCamelContext - StreamCaching is not in use. If using streams then its recommended to enable stream caching. See more details at http://camel.apache.org/stream-caching.html
2020-08-13 INFO  o.a.c.i.engine.AbstractCamelContext - Using HealthCheck: camel-spring-boot
2020-08-13 INFO  o.a.c.c.jackson.JacksonDataFormat - The option autoDiscoverObjectMapper is set to false, Camel won't search in the registry
2020-08-13 INFO  o.a.c.i.e.InternalRouteStartupManager - Route: rabbitEmployeeRoute started and consuming from: direct://rabbitEmployeePoint
2020-08-13 INFO  o.a.c.i.engine.AbstractCamelContext - Total 1 routes, of which 1 are started
2020-08-13 INFO  o.a.c.i.engine.AbstractCamelContext - Apache Camel 3.4.0 (camel-1) started in 0.098 seconds
2020-08-13 INFO  o.s.b.w.e.tomcat.TomcatWebServer - Tomcat started on port(s): 8085 (http) with context path ''
2020-08-13 INFO  c.a.c.p.CamelProducerApplication - Started CamelProducerApplication in 5.284 seconds (JVM running for 6.918)
2020-08-13 INFO  o.a.c.c.C.[Tomcat].[localhost].[/] - Initializing Spring DispatcherServlet 'dispatcherServlet'
2020-08-13 INFO  o.s.web.servlet.DispatcherServlet - Initializing Servlet 'dispatcherServlet'
2020-08-13 INFO  o.s.web.servlet.DispatcherServlet - Completed initialization in 8 ms
2020-08-13 INFO  c.a.c.p.controller.UploadController - Received Employee CSV upload request submitted by TENANTID=65654321
2020-08-13 INFO  c.a.c.p.controller.UploadController - Uploaded file successfully - employee.csv. Request submitted by TENANTID=65654321
2020-08-13 INFO  c.a.c.producer.route.RabbitMQRoute - Received message to split and transform into JSON and forward it to RabbitMQ queue
2020-08-13 INFO  c.a.c.p.splitter.EmployeeSplitter - TENANTID=65654321. Splitting employees into specified chunks of count 1. Total incoming employee count= 5
2020-08-13 INFO  c.a.c.p.splitter.EmployeeSplitter - Incrementing total no. of employees sending to the queue counter for TENANTID=65654321
2020-08-13 INFO  c.a.c.p.splitter.EmployeeSplitter - TENANTID=65654321. Splitted employees into chunks. Total messages= 5
2020-08-13 INFO  c.a.c.producer.route.RabbitMQRoute - Transformed into JSON and sending to RabbitMQ queue
2020-08-13 INFO  c.a.c.producer.route.RabbitMQRoute - Transformed into JSON and sending to RabbitMQ queue
2020-08-13 INFO  c.a.c.producer.route.RabbitMQRoute - Transformed into JSON and sending to RabbitMQ queue
2020-08-13 INFO  c.a.c.producer.route.RabbitMQRoute - Transformed into JSON and sending to RabbitMQ queue
2020-08-13 INFO  c.a.c.producer.route.RabbitMQRoute - Transformed into JSON and sending to RabbitMQ queue
2020-08-13 INFO  c.a.c.p.controller.UploadController - Received Employee CSV upload request submitted by TENANTID=77777777777721
2020-08-13 INFO  c.a.c.p.controller.UploadController - Uploaded file successfully - employee.csv. Request submitted by TENANTID=77777777777721
2020-08-13 INFO  c.a.c.producer.route.RabbitMQRoute - Received message to split and transform into JSON and forward it to RabbitMQ queue
2020-08-13 INFO  c.a.c.p.splitter.EmployeeSplitter - TENANTID=77777777777721. Splitting employees into specified chunks of count 1. Total incoming employee count= 5
2020-08-13 INFO  c.a.c.p.splitter.EmployeeSplitter - Incrementing total no. of employees sending to the queue counter for TENANTID=77777777777721
2020-08-13 INFO  c.a.c.p.splitter.EmployeeSplitter - TENANTID=77777777777721. Splitted employees into chunks. Total messages= 5
2020-08-13 INFO  c.a.c.producer.route.RabbitMQRoute - Transformed into JSON and sending to RabbitMQ queue
2020-08-13 INFO  c.a.c.producer.route.RabbitMQRoute - Transformed into JSON and sending to RabbitMQ queue
2020-08-13 INFO  c.a.c.producer.route.RabbitMQRoute - Transformed into JSON and sending to RabbitMQ queue
2020-08-13 INFO  c.a.c.producer.route.RabbitMQRoute - Transformed into JSON and sending to RabbitMQ queue
2020-08-13 INFO  c.a.c.producer.route.RabbitMQRoute - Transformed into JSON and sending to RabbitMQ queue
2020-08-13 INFO  o.s.b.a.SpringApplicationAdminMXBeanRegistrar$SpringApplicationAdmin - Application shutdown requested.
2020-08-13 INFO  o.a.c.i.engine.AbstractCamelContext - Apache Camel 3.4.0 (camel-1) is shutting down
2020-08-13 INFO  o.a.c.i.e.DefaultShutdownStrategy - Starting to graceful shutdown 1 routes (timeout 45 seconds)
2020-08-13 INFO  o.a.c.i.e.DefaultShutdownStrategy - Route: rabbitEmployeeRoute shutdown complete, was consuming from: direct://rabbitEmployeePoint
2020-08-13 INFO  o.a.c.i.e.DefaultShutdownStrategy - Graceful shutdown of 1 routes completed in 0 seconds
2020-08-13 INFO  o.a.c.i.engine.AbstractCamelContext - Apache Camel 3.4.0 (camel-1) uptime 4 minutes
2020-08-13 INFO  o.a.c.i.engine.AbstractCamelContext - Apache Camel 3.4.0 (camel-1) is shutdown in 0.025 seconds
2020-08-13 INFO  o.s.s.c.ThreadPoolTaskExecutor - Shutting down ExecutorService 'applicationTaskExecutor'
2020-08-13 INFO  c.a.c.p.CamelProducerApplication - Starting CamelProducerApplication on DESKTOP-9980I0V with PID 760 (D:\Personal\Projectss\ascenthr_devops_java_stack\Java_source\CamelProducer\target\classes started by sureshd in D:\Personal\Projectss\ascenthr_devops_java_stack\Java_source\CamelProducer)
2020-08-13 INFO  c.a.c.p.CamelProducerApplication - No active profile set, falling back to default profiles: default
2020-08-13 INFO  o.s.b.d.e.DevToolsPropertyDefaultsPostProcessor - Devtools property defaults active! Set 'spring.devtools.add-properties' to 'false' to disable
2020-08-13 INFO  o.s.b.d.e.DevToolsPropertyDefaultsPostProcessor - For additional web related logging consider setting the 'logging.level.web' property to 'DEBUG'
2020-08-13 INFO  o.s.c.s.PostProcessorRegistrationDelegate$BeanPostProcessorChecker - Bean 'org.apache.camel.spring.boot.CamelAutoConfiguration' of type [org.apache.camel.spring.boot.CamelAutoConfiguration$$EnhancerBySpringCGLIB$$e0a1a273] is not eligible for getting processed by all BeanPostProcessors (for example: not eligible for auto-proxying)
2020-08-13 INFO  o.s.b.w.e.tomcat.TomcatWebServer - Tomcat initialized with port(s): 8085 (http)
2020-08-13 INFO  o.a.catalina.core.StandardService - Starting service [Tomcat]
2020-08-13 INFO  o.a.catalina.core.StandardEngine - Starting Servlet engine: [Apache Tomcat/9.0.36]
2020-08-13 INFO  o.a.c.c.C.[Tomcat].[localhost].[/] - Initializing Spring embedded WebApplicationContext
2020-08-13 INFO  o.s.web.context.ContextLoader - Root WebApplicationContext: initialization completed in 2028 ms
2020-08-13 INFO  o.a.camel.support.LRUCacheFactory - Detected and using LRUCacheFactory: camel-caffeine-lrucache
2020-08-13 WARN  o.a.c.i.e.DefaultCamelBeanPostProcessor - No CamelContext defined yet so cannot inject into bean: org.apache.camel.impl.health.DefaultHealthCheckRegistry
2020-08-13 INFO  o.s.s.c.ThreadPoolTaskExecutor - Initializing ExecutorService 'applicationTaskExecutor'
2020-08-13 INFO  o.a.c.i.e.BaseExecutorServiceManager - Using custom DefaultThreadPoolProfile: ThreadPoolProfile[default (true) size:20-20, keepAlive:60 SECONDS, maxQueue:1000, allowCoreThreadTimeOut:true, rejectedPolicy:CallerRuns]
2020-08-13 INFO  o.s.b.d.a.OptionalLiveReloadServer - LiveReload server is running on port 35729
2020-08-13 INFO  o.s.b.a.e.web.EndpointLinksResolver - Exposing 1 endpoint(s) beneath base path '/actuator'
2020-08-13 INFO  o.a.c.c.C.[Tomcat].[localhost].[/] - Initializing Spring DispatcherServlet 'dispatcherServlet'
2020-08-13 INFO  o.s.web.servlet.DispatcherServlet - Initializing Servlet 'dispatcherServlet'
2020-08-13 INFO  o.s.web.servlet.DispatcherServlet - Completed initialization in 12 ms
2020-08-13 INFO  o.a.c.s.b.SpringBootRoutesCollector - Loading additional Camel XML routes from: classpath:camel/*.xml
2020-08-13 INFO  o.a.c.s.b.SpringBootRoutesCollector - Loading additional Camel XML rests from: classpath:camel-rest/*.xml
2020-08-13 WARN  o.a.c.c.rabbitmq.RabbitMQComponent - The old syntax rabbitmq://hostname:port/exchangeName is deprecated. You should configure the hostname on the component or ConnectionFactory
2020-08-13 INFO  o.a.c.i.engine.AbstractCamelContext - Apache Camel 3.4.0 (camel-1) is starting
2020-08-13 INFO  o.a.c.i.engine.AbstractCamelContext - StreamCaching is not in use. If using streams then its recommended to enable stream caching. See more details at http://camel.apache.org/stream-caching.html
2020-08-13 INFO  o.a.c.i.engine.AbstractCamelContext - Using HealthCheck: camel-spring-boot
2020-08-13 INFO  o.a.c.c.jackson.JacksonDataFormat - The option autoDiscoverObjectMapper is set to false, Camel won't search in the registry
2020-08-13 INFO  o.a.c.i.e.InternalRouteStartupManager - Route: rabbitEmployeeRoute started and consuming from: direct://rabbitEmployeePoint
2020-08-13 INFO  o.a.c.i.engine.AbstractCamelContext - Total 1 routes, of which 1 are started
2020-08-13 INFO  o.a.c.i.engine.AbstractCamelContext - Apache Camel 3.4.0 (camel-1) started in 0.127 seconds
2020-08-13 INFO  o.s.b.w.e.tomcat.TomcatWebServer - Tomcat started on port(s): 8085 (http) with context path ''
2020-08-13 INFO  c.a.c.p.CamelProducerApplication - Started CamelProducerApplication in 5.939 seconds (JVM running for 7.744)
2020-08-13 INFO  o.s.b.a.SpringApplicationAdminMXBeanRegistrar$SpringApplicationAdmin - Application shutdown requested.
2020-08-13 INFO  o.a.c.i.engine.AbstractCamelContext - Apache Camel 3.4.0 (camel-1) is shutting down
2020-08-13 INFO  o.a.c.i.e.DefaultShutdownStrategy - Starting to graceful shutdown 1 routes (timeout 45 seconds)
2020-08-13 INFO  o.a.c.i.e.DefaultShutdownStrategy - Route: rabbitEmployeeRoute shutdown complete, was consuming from: direct://rabbitEmployeePoint
2020-08-13 INFO  o.a.c.i.e.DefaultShutdownStrategy - Graceful shutdown of 1 routes completed in 0 seconds
2020-08-13 INFO  o.a.c.i.engine.AbstractCamelContext - Apache Camel 3.4.0 (camel-1) uptime 33.700 seconds
2020-08-13 INFO  o.a.c.i.engine.AbstractCamelContext - Apache Camel 3.4.0 (camel-1) is shutdown in 0.047 seconds
2020-08-13 INFO  o.s.s.c.ThreadPoolTaskExecutor - Shutting down ExecutorService 'applicationTaskExecutor'
2020-08-13 INFO  c.a.c.p.CamelProducerApplication - Starting CamelProducerApplication on DESKTOP-9980I0V with PID 12836 (D:\Personal\Projectss\ascenthr_devops_java_stack\Java_source\CamelProducer\target\classes started by sureshd in D:\Personal\Projectss\ascenthr_devops_java_stack\Java_source\CamelProducer)
2020-08-13 INFO  c.a.c.p.CamelProducerApplication - No active profile set, falling back to default profiles: default
2020-08-13 INFO  o.s.b.d.e.DevToolsPropertyDefaultsPostProcessor - Devtools property defaults active! Set 'spring.devtools.add-properties' to 'false' to disable
2020-08-13 INFO  o.s.b.d.e.DevToolsPropertyDefaultsPostProcessor - For additional web related logging consider setting the 'logging.level.web' property to 'DEBUG'
2020-08-13 INFO  o.s.c.s.PostProcessorRegistrationDelegate$BeanPostProcessorChecker - Bean 'org.apache.camel.spring.boot.CamelAutoConfiguration' of type [org.apache.camel.spring.boot.CamelAutoConfiguration$$EnhancerBySpringCGLIB$$6fabec83] is not eligible for getting processed by all BeanPostProcessors (for example: not eligible for auto-proxying)
2020-08-13 INFO  o.s.b.w.e.tomcat.TomcatWebServer - Tomcat initialized with port(s): 8085 (http)
2020-08-13 INFO  o.a.catalina.core.StandardService - Starting service [Tomcat]
2020-08-13 INFO  o.a.catalina.core.StandardEngine - Starting Servlet engine: [Apache Tomcat/9.0.36]
2020-08-13 INFO  o.a.c.c.C.[Tomcat].[localhost].[/] - Initializing Spring embedded WebApplicationContext
2020-08-13 INFO  o.s.web.context.ContextLoader - Root WebApplicationContext: initialization completed in 2403 ms
2020-08-13 INFO  o.a.camel.support.LRUCacheFactory - Detected and using LRUCacheFactory: camel-caffeine-lrucache
2020-08-13 WARN  o.a.c.i.e.DefaultCamelBeanPostProcessor - No CamelContext defined yet so cannot inject into bean: org.apache.camel.impl.health.DefaultHealthCheckRegistry
2020-08-13 INFO  o.s.s.c.ThreadPoolTaskExecutor - Initializing ExecutorService 'applicationTaskExecutor'
2020-08-13 INFO  o.a.c.i.e.BaseExecutorServiceManager - Using custom DefaultThreadPoolProfile: ThreadPoolProfile[default (true) size:20-20, keepAlive:60 SECONDS, maxQueue:1000, allowCoreThreadTimeOut:true, rejectedPolicy:CallerRuns]
2020-08-13 INFO  o.s.b.d.a.OptionalLiveReloadServer - LiveReload server is running on port 35729
2020-08-13 INFO  o.s.b.a.e.web.EndpointLinksResolver - Exposing 1 endpoint(s) beneath base path '/actuator'
2020-08-13 INFO  o.a.c.s.b.SpringBootRoutesCollector - Loading additional Camel XML routes from: classpath:camel/*.xml
2020-08-13 INFO  o.a.c.s.b.SpringBootRoutesCollector - Loading additional Camel XML rests from: classpath:camel-rest/*.xml
2020-08-13 WARN  o.a.c.c.rabbitmq.RabbitMQComponent - The old syntax rabbitmq://hostname:port/exchangeName is deprecated. You should configure the hostname on the component or ConnectionFactory
2020-08-13 INFO  o.a.c.i.engine.AbstractCamelContext - Apache Camel 3.4.0 (camel-1) is starting
2020-08-13 INFO  o.a.c.i.engine.AbstractCamelContext - StreamCaching is not in use. If using streams then its recommended to enable stream caching. See more details at http://camel.apache.org/stream-caching.html
2020-08-13 INFO  o.a.c.i.engine.AbstractCamelContext - Using HealthCheck: camel-spring-boot
2020-08-13 INFO  o.a.c.c.jackson.JacksonDataFormat - The option autoDiscoverObjectMapper is set to false, Camel won't search in the registry
2020-08-13 INFO  o.a.c.c.C.[Tomcat].[localhost].[/] - Initializing Spring DispatcherServlet 'dispatcherServlet'
2020-08-13 INFO  o.s.web.servlet.DispatcherServlet - Initializing Servlet 'dispatcherServlet'
2020-08-13 INFO  o.s.web.servlet.DispatcherServlet - Completed initialization in 14 ms
2020-08-13 INFO  o.a.c.i.e.InternalRouteStartupManager - Route: rabbitEmployeeRoute started and consuming from: direct://rabbitEmployeePoint
2020-08-13 INFO  o.a.c.i.engine.AbstractCamelContext - Total 1 routes, of which 1 are started
2020-08-13 INFO  o.a.c.i.engine.AbstractCamelContext - Apache Camel 3.4.0 (camel-1) started in 0.179 seconds
2020-08-13 INFO  o.s.b.w.e.tomcat.TomcatWebServer - Tomcat started on port(s): 8085 (http) with context path ''
2020-08-13 INFO  c.a.c.p.CamelProducerApplication - Started CamelProducerApplication in 4.864 seconds (JVM running for 6.099)
2020-08-13 INFO  c.a.c.p.controller.UploadController - Received Employee CSV upload request submitted by TENANTID=7777555557721
2020-08-13 INFO  c.a.c.p.controller.UploadController - Uploaded file request submitted successfully - employee.csv. Request submitted by TENANTID=7777555557721
2020-08-13 INFO  c.a.c.producer.route.RabbitMQRoute - Received message to split and transform into JSON and forward it to RabbitMQ queue
2020-08-13 INFO  c.a.c.p.splitter.EmployeeSplitter - TENANTID=7777555557721. Splitting employees into specified chunks of count 1. Total incoming employee count= 5
2020-08-13 INFO  c.a.c.p.splitter.EmployeeSplitter - Incrementing total no. of message sending to queue counter for TENANTID=7777555557721
2020-08-13 INFO  c.a.c.p.splitter.EmployeeSplitter - Incrementing total no. of employees sending to queue counter for TENANTID=7777555557721
2020-08-13 INFO  c.a.c.p.splitter.EmployeeSplitter - TENANTID=7777555557721. Splitted employees into chunks. Total messages= 5
2020-08-13 INFO  c.a.c.producer.route.RabbitMQRoute - Transformed into JSON and sending to RabbitMQ queue
2020-08-13 INFO  c.a.c.producer.route.RabbitMQRoute - Transformed into JSON and sending to RabbitMQ queue
2020-08-13 INFO  c.a.c.producer.route.RabbitMQRoute - Transformed into JSON and sending to RabbitMQ queue
2020-08-13 INFO  c.a.c.producer.route.RabbitMQRoute - Transformed into JSON and sending to RabbitMQ queue
2020-08-13 INFO  c.a.c.producer.route.RabbitMQRoute - Transformed into JSON and sending to RabbitMQ queue
2020-08-13 INFO  o.a.c.i.engine.AbstractCamelContext - Apache Camel 3.4.0 (camel-1) is shutting down
2020-08-13 INFO  o.a.c.i.e.DefaultShutdownStrategy - Starting to graceful shutdown 1 routes (timeout 45 seconds)
2020-08-13 INFO  o.a.c.i.e.DefaultShutdownStrategy - Route: rabbitEmployeeRoute shutdown complete, was consuming from: direct://rabbitEmployeePoint
2020-08-13 INFO  o.a.c.i.e.DefaultShutdownStrategy - Graceful shutdown of 1 routes completed in 0 seconds
2020-08-13 INFO  o.a.c.i.engine.AbstractCamelContext - Apache Camel 3.4.0 (camel-1) uptime 17.262 seconds
2020-08-13 INFO  o.a.c.i.engine.AbstractCamelContext - Apache Camel 3.4.0 (camel-1) is shutdown in 0.029 seconds
2020-08-13 INFO  o.s.s.c.ThreadPoolTaskExecutor - Shutting down ExecutorService 'applicationTaskExecutor'
2020-08-13 INFO  c.a.c.p.CamelProducerApplication - Starting CamelProducerApplication on DESKTOP-9980I0V with PID 12836 (D:\Personal\Projectss\ascenthr_devops_java_stack\Java_source\CamelProducer\target\classes started by sureshd in D:\Personal\Projectss\ascenthr_devops_java_stack\Java_source\CamelProducer)
2020-08-13 INFO  c.a.c.p.CamelProducerApplication - No active profile set, falling back to default profiles: default
2020-08-13 INFO  o.s.c.s.PostProcessorRegistrationDelegate$BeanPostProcessorChecker - Bean 'org.apache.camel.spring.boot.CamelAutoConfiguration' of type [org.apache.camel.spring.boot.CamelAutoConfiguration$$EnhancerBySpringCGLIB$$6fabec83] is not eligible for getting processed by all BeanPostProcessors (for example: not eligible for auto-proxying)
2020-08-13 INFO  o.s.b.w.e.tomcat.TomcatWebServer - Tomcat initialized with port(s): 8085 (http)
2020-08-13 INFO  o.a.catalina.core.StandardService - Starting service [Tomcat]
2020-08-13 INFO  o.a.catalina.core.StandardEngine - Starting Servlet engine: [Apache Tomcat/9.0.36]
2020-08-13 INFO  o.a.c.c.C.[Tomcat].[localhost].[/] - Initializing Spring embedded WebApplicationContext
2020-08-13 INFO  o.s.web.context.ContextLoader - Root WebApplicationContext: initialization completed in 745 ms
2020-08-13 WARN  o.a.c.i.e.DefaultCamelBeanPostProcessor - No CamelContext defined yet so cannot inject into bean: org.apache.camel.impl.health.DefaultHealthCheckRegistry
2020-08-13 INFO  o.s.s.c.ThreadPoolTaskExecutor - Initializing ExecutorService 'applicationTaskExecutor'
2020-08-13 INFO  o.a.c.i.e.BaseExecutorServiceManager - Using custom DefaultThreadPoolProfile: ThreadPoolProfile[default (true) size:20-20, keepAlive:60 SECONDS, maxQueue:1000, allowCoreThreadTimeOut:true, rejectedPolicy:CallerRuns]
2020-08-13 INFO  o.s.b.d.a.OptionalLiveReloadServer - LiveReload server is running on port 35729
2020-08-13 INFO  o.s.b.a.e.web.EndpointLinksResolver - Exposing 1 endpoint(s) beneath base path '/actuator'
2020-08-13 INFO  o.a.c.s.b.SpringBootRoutesCollector - Loading additional Camel XML routes from: classpath:camel/*.xml
2020-08-13 INFO  o.a.c.s.b.SpringBootRoutesCollector - Loading additional Camel XML rests from: classpath:camel-rest/*.xml
2020-08-13 WARN  o.a.c.c.rabbitmq.RabbitMQComponent - The old syntax rabbitmq://hostname:port/exchangeName is deprecated. You should configure the hostname on the component or ConnectionFactory
2020-08-13 INFO  o.a.c.i.engine.AbstractCamelContext - Apache Camel 3.4.0 (camel-2) is starting
2020-08-13 INFO  o.a.c.i.engine.AbstractCamelContext - StreamCaching is not in use. If using streams then its recommended to enable stream caching. See more details at http://camel.apache.org/stream-caching.html
2020-08-13 INFO  o.a.c.i.engine.AbstractCamelContext - Using HealthCheck: camel-spring-boot
2020-08-13 INFO  o.a.c.c.jackson.JacksonDataFormat - The option autoDiscoverObjectMapper is set to false, Camel won't search in the registry
2020-08-13 INFO  o.a.c.i.e.InternalRouteStartupManager - Route: rabbitEmployeeRoute started and consuming from: direct://rabbitEmployeePoint
2020-08-13 INFO  o.a.c.i.engine.AbstractCamelContext - Total 1 routes, of which 1 are started
2020-08-13 INFO  o.a.c.i.engine.AbstractCamelContext - Apache Camel 3.4.0 (camel-2) started in 0.017 seconds
2020-08-13 INFO  o.s.b.w.e.tomcat.TomcatWebServer - Tomcat started on port(s): 8085 (http) with context path ''
2020-08-13 INFO  c.a.c.p.CamelProducerApplication - Started CamelProducerApplication in 1.568 seconds (JVM running for 25.373)
2020-08-13 INFO  o.s.b.d.a.ConditionEvaluationDeltaLoggingListener - Condition evaluation unchanged
2020-08-13 INFO  o.a.c.c.C.[Tomcat].[localhost].[/] - Initializing Spring DispatcherServlet 'dispatcherServlet'
2020-08-13 INFO  o.s.web.servlet.DispatcherServlet - Initializing Servlet 'dispatcherServlet'
2020-08-13 INFO  o.s.web.servlet.DispatcherServlet - Completed initialization in 7 ms
2020-08-13 INFO  c.a.c.p.controller.UploadController - Received Employee CSV upload request submitted by TENANTID=141514151415141514
2020-08-13 INFO  c.a.c.p.controller.UploadController - Upload file request submitted successfully - employee.csv. Request submitted by TENANTID=141514151415141514
2020-08-13 INFO  c.a.c.producer.route.RabbitMQRoute - Received message to split and transform into JSON and forward it to RabbitMQ queue
2020-08-13 INFO  c.a.c.p.splitter.EmployeeSplitter - TENANTID=141514151415141514. Splitting employees into specified chunks of count 1. Total incoming employee count= 5
2020-08-13 INFO  c.a.c.p.splitter.EmployeeSplitter - Incrementing total no. of message sending to queue counter for TENANTID=141514151415141514
2020-08-13 INFO  c.a.c.p.splitter.EmployeeSplitter - Incrementing total no. of employees sending to queue counter for TENANTID=141514151415141514
2020-08-13 INFO  c.a.c.p.splitter.EmployeeSplitter - TENANTID=141514151415141514. Splitted employees into chunks. Total messages= 5
2020-08-13 INFO  c.a.c.producer.route.RabbitMQRoute - Transformed into JSON and sending to RabbitMQ queue
2020-08-13 INFO  c.a.c.producer.route.RabbitMQRoute - Transformed into JSON and sending to RabbitMQ queue
2020-08-13 INFO  c.a.c.producer.route.RabbitMQRoute - Transformed into JSON and sending to RabbitMQ queue
2020-08-13 INFO  c.a.c.producer.route.RabbitMQRoute - Transformed into JSON and sending to RabbitMQ queue
2020-08-13 INFO  c.a.c.producer.route.RabbitMQRoute - Transformed into JSON and sending to RabbitMQ queue
2020-08-13 INFO  o.s.b.a.SpringApplicationAdminMXBeanRegistrar$SpringApplicationAdmin - Application shutdown requested.
2020-08-13 INFO  o.a.c.i.engine.AbstractCamelContext - Apache Camel 3.4.0 (camel-2) is shutting down
2020-08-13 INFO  o.a.c.i.e.DefaultShutdownStrategy - Starting to graceful shutdown 1 routes (timeout 45 seconds)
2020-08-13 INFO  o.a.c.i.e.DefaultShutdownStrategy - Route: rabbitEmployeeRoute shutdown complete, was consuming from: direct://rabbitEmployeePoint
2020-08-13 INFO  o.a.c.i.e.DefaultShutdownStrategy - Graceful shutdown of 1 routes completed in 0 seconds
2020-08-13 INFO  o.a.c.i.engine.AbstractCamelContext - Apache Camel 3.4.0 (camel-2) uptime 2 minutes
2020-08-13 INFO  o.a.c.i.engine.AbstractCamelContext - Apache Camel 3.4.0 (camel-2) is shutdown in 0.009 seconds
2020-08-13 INFO  o.s.s.c.ThreadPoolTaskExecutor - Shutting down ExecutorService 'applicationTaskExecutor'
2020-08-13 INFO  c.a.c.p.CamelProducerApplication - Starting CamelProducerApplication on DESKTOP-9980I0V with PID 16268 (D:\Personal\Projectss\ascenthr_devops_java_stack\Java_source\CamelProducer\target\classes started by sureshd in D:\Personal\Projectss\ascenthr_devops_java_stack\Java_source\CamelProducer)
2020-08-13 INFO  c.a.c.p.CamelProducerApplication - No active profile set, falling back to default profiles: default
2020-08-13 INFO  o.s.b.d.e.DevToolsPropertyDefaultsPostProcessor - Devtools property defaults active! Set 'spring.devtools.add-properties' to 'false' to disable
2020-08-13 INFO  o.s.b.d.e.DevToolsPropertyDefaultsPostProcessor - For additional web related logging consider setting the 'logging.level.web' property to 'DEBUG'
2020-08-13 INFO  o.s.c.s.PostProcessorRegistrationDelegate$BeanPostProcessorChecker - Bean 'org.apache.camel.spring.boot.CamelAutoConfiguration' of type [org.apache.camel.spring.boot.CamelAutoConfiguration$$EnhancerBySpringCGLIB$$32d2e587] is not eligible for getting processed by all BeanPostProcessors (for example: not eligible for auto-proxying)
2020-08-13 INFO  o.s.b.w.e.tomcat.TomcatWebServer - Tomcat initialized with port(s): 8085 (http)
2020-08-13 INFO  o.a.catalina.core.StandardService - Starting service [Tomcat]
2020-08-13 INFO  o.a.catalina.core.StandardEngine - Starting Servlet engine: [Apache Tomcat/9.0.36]
2020-08-13 INFO  o.a.c.c.C.[Tomcat].[localhost].[/] - Initializing Spring embedded WebApplicationContext
2020-08-13 INFO  o.s.web.context.ContextLoader - Root WebApplicationContext: initialization completed in 2206 ms
2020-08-13 INFO  o.a.camel.support.LRUCacheFactory - Detected and using LRUCacheFactory: camel-caffeine-lrucache
2020-08-13 WARN  o.a.c.i.e.DefaultCamelBeanPostProcessor - No CamelContext defined yet so cannot inject into bean: org.apache.camel.impl.health.DefaultHealthCheckRegistry
2020-08-13 INFO  o.s.s.c.ThreadPoolTaskExecutor - Initializing ExecutorService 'applicationTaskExecutor'
2020-08-13 INFO  o.a.c.i.e.BaseExecutorServiceManager - Using custom DefaultThreadPoolProfile: ThreadPoolProfile[default (true) size:20-20, keepAlive:60 SECONDS, maxQueue:1000, allowCoreThreadTimeOut:true, rejectedPolicy:CallerRuns]
2020-08-13 INFO  o.s.b.d.a.OptionalLiveReloadServer - LiveReload server is running on port 35729
2020-08-13 INFO  o.s.b.a.e.web.EndpointLinksResolver - Exposing 1 endpoint(s) beneath base path '/actuator'
2020-08-13 INFO  o.a.c.s.b.SpringBootRoutesCollector - Loading additional Camel XML routes from: classpath:camel/*.xml
2020-08-13 INFO  o.a.c.s.b.SpringBootRoutesCollector - Loading additional Camel XML rests from: classpath:camel-rest/*.xml
2020-08-13 WARN  o.a.c.c.rabbitmq.RabbitMQComponent - The old syntax rabbitmq://hostname:port/exchangeName is deprecated. You should configure the hostname on the component or ConnectionFactory
2020-08-13 INFO  o.a.c.i.engine.AbstractCamelContext - Apache Camel 3.4.0 (camel-1) is starting
2020-08-13 INFO  o.a.c.i.engine.AbstractCamelContext - StreamCaching is not in use. If using streams then its recommended to enable stream caching. See more details at http://camel.apache.org/stream-caching.html
2020-08-13 INFO  o.a.c.i.engine.AbstractCamelContext - Using HealthCheck: camel-spring-boot
2020-08-13 INFO  o.a.c.c.jackson.JacksonDataFormat - The option autoDiscoverObjectMapper is set to false, Camel won't search in the registry
2020-08-13 INFO  o.a.c.i.e.InternalRouteStartupManager - Route: rabbitEmployeeRoute started and consuming from: direct://rabbitEmployeePoint
2020-08-13 INFO  o.a.c.i.engine.AbstractCamelContext - Total 1 routes, of which 1 are started
2020-08-13 INFO  o.a.c.i.engine.AbstractCamelContext - Apache Camel 3.4.0 (camel-1) started in 0.220 seconds
2020-08-13 INFO  o.s.b.w.e.tomcat.TomcatWebServer - Tomcat started on port(s): 8085 (http) with context path ''
2020-08-13 INFO  c.a.c.p.CamelProducerApplication - Started CamelProducerApplication in 4.976 seconds (JVM running for 6.774)
2020-08-13 INFO  o.a.c.c.C.[Tomcat].[localhost].[/] - Initializing Spring DispatcherServlet 'dispatcherServlet'
2020-08-13 INFO  o.s.web.servlet.DispatcherServlet - Initializing Servlet 'dispatcherServlet'
2020-08-13 INFO  o.s.web.servlet.DispatcherServlet - Completed initialization in 10 ms
2020-08-13 INFO  c.a.c.p.controller.UploadController - Received Employee CSV upload request submitted by TENANTID=141514151415141514
2020-08-13 INFO  c.a.c.p.controller.UploadController - Upload file request submitted successfully - employee.csv. Request submitted by TENANTID=141514151415141514
2020-08-13 INFO  c.a.c.producer.route.RabbitMQRoute - Received message to split and transform into JSON and forward it to RabbitMQ queue
2020-08-13 INFO  c.a.c.p.splitter.EmployeeSplitter - TENANTID=141514151415141514. Splitting employees into specified chunks of count 1. Total incoming employee count= 5
2020-08-13 INFO  c.a.c.p.splitter.EmployeeSplitter - Incrementing total no. of message sending to queue counter for TENANTID=141514151415141514
2020-08-13 INFO  c.a.c.p.splitter.EmployeeSplitter - Incrementing total no. of employees sending to queue counter for TENANTID=141514151415141514
2020-08-13 INFO  c.a.c.p.splitter.EmployeeSplitter - TENANTID=141514151415141514. Splitted employees into chunks. Total messages= 5
2020-08-13 INFO  c.a.c.producer.route.RabbitMQRoute - Transformed into JSON and sending to RabbitMQ queue
2020-08-13 INFO  c.a.c.producer.route.RabbitMQRoute - Transformed into JSON and sending to RabbitMQ queue
2020-08-13 INFO  c.a.c.producer.route.RabbitMQRoute - Transformed into JSON and sending to RabbitMQ queue
2020-08-13 INFO  c.a.c.producer.route.RabbitMQRoute - Transformed into JSON and sending to RabbitMQ queue
2020-08-13 INFO  c.a.c.producer.route.RabbitMQRoute - Transformed into JSON and sending to RabbitMQ queue
2020-08-13 INFO  c.a.c.p.controller.UploadController - Received Employee CSV upload request submitted by TENANTID=141514151415141514
2020-08-13 INFO  c.a.c.p.controller.UploadController - Upload file request submitted successfully - employee.csv. Request submitted by TENANTID=141514151415141514
2020-08-13 INFO  c.a.c.producer.route.RabbitMQRoute - Received message to split and transform into JSON and forward it to RabbitMQ queue
2020-08-13 INFO  c.a.c.p.splitter.EmployeeSplitter - TENANTID=141514151415141514. Splitting employees into specified chunks of count 1. Total incoming employee count= 5
2020-08-13 INFO  c.a.c.p.splitter.EmployeeSplitter - Incrementing total no. of message sending to queue counter for TENANTID=141514151415141514
2020-08-13 INFO  c.a.c.p.splitter.EmployeeSplitter - Incrementing total no. of employees sending to queue counter for TENANTID=141514151415141514
2020-08-13 INFO  c.a.c.p.splitter.EmployeeSplitter - TENANTID=141514151415141514. Splitted employees into chunks. Total messages= 5
2020-08-13 INFO  c.a.c.producer.route.RabbitMQRoute - Transformed into JSON and sending to RabbitMQ queue
2020-08-13 INFO  c.a.c.producer.route.RabbitMQRoute - Transformed into JSON and sending to RabbitMQ queue
2020-08-13 INFO  c.a.c.producer.route.RabbitMQRoute - Transformed into JSON and sending to RabbitMQ queue
2020-08-13 INFO  c.a.c.producer.route.RabbitMQRoute - Transformed into JSON and sending to RabbitMQ queue
2020-08-13 INFO  c.a.c.producer.route.RabbitMQRoute - Transformed into JSON and sending to RabbitMQ queue
2020-08-13 INFO  o.s.b.a.SpringApplicationAdminMXBeanRegistrar$SpringApplicationAdmin - Application shutdown requested.
2020-08-13 INFO  o.a.c.i.engine.AbstractCamelContext - Apache Camel 3.4.0 (camel-1) is shutting down
2020-08-13 INFO  o.a.c.i.e.DefaultShutdownStrategy - Starting to graceful shutdown 1 routes (timeout 45 seconds)
2020-08-13 INFO  o.a.c.i.e.DefaultShutdownStrategy - Route: rabbitEmployeeRoute shutdown complete, was consuming from: direct://rabbitEmployeePoint
2020-08-13 INFO  o.a.c.i.e.DefaultShutdownStrategy - Graceful shutdown of 1 routes completed in 0 seconds
2020-08-13 INFO  o.a.c.i.engine.AbstractCamelContext - Apache Camel 3.4.0 (camel-1) uptime 2 minutes
2020-08-13 INFO  o.a.c.i.engine.AbstractCamelContext - Apache Camel 3.4.0 (camel-1) is shutdown in 0.030 seconds
2020-08-13 INFO  o.s.s.c.ThreadPoolTaskExecutor - Shutting down ExecutorService 'applicationTaskExecutor'
2020-08-13 INFO  c.a.c.p.CamelProducerApplication - Starting CamelProducerApplication on DESKTOP-9980I0V with PID 19172 (D:\Personal\Projectss\ascenthr_devops_java_stack\Java_source\CamelProducer\target\classes started by sureshd in D:\Personal\Projectss\ascenthr_devops_java_stack\Java_source\CamelProducer)
2020-08-13 INFO  c.a.c.p.CamelProducerApplication - No active profile set, falling back to default profiles: default
2020-08-13 INFO  o.s.b.d.e.DevToolsPropertyDefaultsPostProcessor - Devtools property defaults active! Set 'spring.devtools.add-properties' to 'false' to disable
2020-08-13 INFO  o.s.b.d.e.DevToolsPropertyDefaultsPostProcessor - For additional web related logging consider setting the 'logging.level.web' property to 'DEBUG'
2020-08-13 INFO  o.s.c.s.PostProcessorRegistrationDelegate$BeanPostProcessorChecker - Bean 'org.apache.camel.spring.boot.CamelAutoConfiguration' of type [org.apache.camel.spring.boot.CamelAutoConfiguration$$EnhancerBySpringCGLIB$$b0f0e38d] is not eligible for getting processed by all BeanPostProcessors (for example: not eligible for auto-proxying)
2020-08-13 INFO  o.s.b.w.e.tomcat.TomcatWebServer - Tomcat initialized with port(s): 8085 (http)
2020-08-13 INFO  o.a.catalina.core.StandardService - Starting service [Tomcat]
2020-08-13 INFO  o.a.catalina.core.StandardEngine - Starting Servlet engine: [Apache Tomcat/9.0.36]
2020-08-13 INFO  o.a.c.c.C.[Tomcat].[localhost].[/] - Initializing Spring embedded WebApplicationContext
2020-08-13 INFO  o.s.web.context.ContextLoader - Root WebApplicationContext: initialization completed in 2591 ms
2020-08-13 INFO  o.a.camel.support.LRUCacheFactory - Detected and using LRUCacheFactory: camel-caffeine-lrucache
2020-08-13 WARN  o.a.c.i.e.DefaultCamelBeanPostProcessor - No CamelContext defined yet so cannot inject into bean: org.apache.camel.impl.health.DefaultHealthCheckRegistry
2020-08-13 INFO  o.s.s.c.ThreadPoolTaskExecutor - Initializing ExecutorService 'applicationTaskExecutor'
2020-08-13 INFO  o.a.c.i.e.BaseExecutorServiceManager - Using custom DefaultThreadPoolProfile: ThreadPoolProfile[default (true) size:20-20, keepAlive:60 SECONDS, maxQueue:1000, allowCoreThreadTimeOut:true, rejectedPolicy:CallerRuns]
2020-08-13 INFO  o.s.b.d.a.OptionalLiveReloadServer - LiveReload server is running on port 35729
2020-08-13 INFO  o.s.b.a.e.web.EndpointLinksResolver - Exposing 1 endpoint(s) beneath base path '/actuator'
2020-08-13 INFO  o.a.c.s.b.SpringBootRoutesCollector - Loading additional Camel XML routes from: classpath:camel/*.xml
2020-08-13 INFO  o.a.c.s.b.SpringBootRoutesCollector - Loading additional Camel XML rests from: classpath:camel-rest/*.xml
2020-08-13 WARN  o.a.c.c.rabbitmq.RabbitMQComponent - The old syntax rabbitmq://hostname:port/exchangeName is deprecated. You should configure the hostname on the component or ConnectionFactory
2020-08-13 INFO  o.a.c.i.engine.AbstractCamelContext - Apache Camel 3.4.0 (camel-1) is starting
2020-08-13 INFO  o.a.c.i.engine.AbstractCamelContext - StreamCaching is not in use. If using streams then its recommended to enable stream caching. See more details at http://camel.apache.org/stream-caching.html
2020-08-13 INFO  o.a.c.i.engine.AbstractCamelContext - Using HealthCheck: camel-spring-boot
2020-08-13 INFO  o.a.c.c.jackson.JacksonDataFormat - The option autoDiscoverObjectMapper is set to false, Camel won't search in the registry
2020-08-13 INFO  o.a.c.i.e.InternalRouteStartupManager - Route: rabbitEmployeeRoute started and consuming from: direct://rabbitEmployeePoint
2020-08-13 INFO  o.a.c.i.engine.AbstractCamelContext - Total 1 routes, of which 1 are started
2020-08-13 INFO  o.a.c.i.engine.AbstractCamelContext - Apache Camel 3.4.0 (camel-1) started in 0.227 seconds
2020-08-13 INFO  o.s.b.w.e.tomcat.TomcatWebServer - Tomcat started on port(s): 8085 (http) with context path ''
2020-08-13 INFO  c.a.c.p.CamelProducerApplication - Started CamelProducerApplication in 6.25 seconds (JVM running for 8.014)
2020-08-13 INFO  o.a.c.c.C.[Tomcat].[localhost].[/] - Initializing Spring DispatcherServlet 'dispatcherServlet'
2020-08-13 INFO  o.s.web.servlet.DispatcherServlet - Initializing Servlet 'dispatcherServlet'
2020-08-13 INFO  o.s.web.servlet.DispatcherServlet - Completed initialization in 26 ms
2020-08-13 INFO  c.a.c.p.controller.UploadController - Received Employee CSV upload request submitted by TENANTID=141514151415141514
2020-08-13 INFO  c.a.c.p.controller.UploadController - Upload file request submitted successfully - employee.csv. Request submitted by TENANTID=141514151415141514
2020-08-13 INFO  c.a.c.producer.route.RabbitMQRoute - Received message to split and transform into JSON and forward it to RabbitMQ queue
2020-08-13 INFO  c.a.c.p.splitter.EmployeeSplitter - TENANTID=141514151415141514. Splitting employees into specified chunks of count 2. Total incoming employee count= 5
2020-08-13 INFO  c.a.c.p.splitter.EmployeeSplitter - Incrementing total no. of message sending to queue counter for TENANTID=141514151415141514
2020-08-13 INFO  c.a.c.p.splitter.EmployeeSplitter - Incrementing total no. of employees sending to queue counter for TENANTID=141514151415141514
2020-08-13 INFO  c.a.c.p.splitter.EmployeeSplitter - TENANTID=141514151415141514. Splitted employees into chunks. Total messages= 3
2020-08-13 INFO  c.a.c.producer.route.RabbitMQRoute - Transformed into JSON and sending to RabbitMQ queue
2020-08-13 INFO  c.a.c.producer.route.RabbitMQRoute - Transformed into JSON and sending to RabbitMQ queue
2020-08-13 INFO  c.a.c.producer.route.RabbitMQRoute - Transformed into JSON and sending to RabbitMQ queue
2020-08-13 INFO  c.a.c.p.controller.UploadController - Received Employee CSV upload request submitted by TENANTID=141514151415141514
2020-08-13 INFO  c.a.c.p.controller.UploadController - Upload file request submitted successfully - employee.csv. Request submitted by TENANTID=141514151415141514
2020-08-13 INFO  c.a.c.producer.route.RabbitMQRoute - Received message to split and transform into JSON and forward it to RabbitMQ queue
2020-08-13 INFO  c.a.c.p.splitter.EmployeeSplitter - TENANTID=141514151415141514. Splitting employees into specified chunks of count 2. Total incoming employee count= 5
2020-08-13 INFO  c.a.c.p.splitter.EmployeeSplitter - Incrementing total no. of message sending to queue counter for TENANTID=141514151415141514
2020-08-13 INFO  c.a.c.p.splitter.EmployeeSplitter - Incrementing total no. of employees sending to queue counter for TENANTID=141514151415141514
2020-08-13 INFO  c.a.c.p.splitter.EmployeeSplitter - TENANTID=141514151415141514. Splitted employees into chunks. Total messages= 3
2020-08-13 INFO  c.a.c.producer.route.RabbitMQRoute - Transformed into JSON and sending to RabbitMQ queue
2020-08-13 INFO  c.a.c.producer.route.RabbitMQRoute - Transformed into JSON and sending to RabbitMQ queue
2020-08-13 INFO  c.a.c.producer.route.RabbitMQRoute - Transformed into JSON and sending to RabbitMQ queue
2020-08-13 INFO  o.s.b.a.SpringApplicationAdminMXBeanRegistrar$SpringApplicationAdmin - Application shutdown requested.
2020-08-13 INFO  o.a.c.i.engine.AbstractCamelContext - Apache Camel 3.4.0 (camel-1) is shutting down
2020-08-13 INFO  o.a.c.i.e.DefaultShutdownStrategy - Starting to graceful shutdown 1 routes (timeout 45 seconds)
2020-08-13 INFO  o.a.c.i.e.DefaultShutdownStrategy - Route: rabbitEmployeeRoute shutdown complete, was consuming from: direct://rabbitEmployeePoint
2020-08-13 INFO  o.a.c.i.e.DefaultShutdownStrategy - Graceful shutdown of 1 routes completed in 0 seconds
2020-08-13 INFO  o.a.c.i.engine.AbstractCamelContext - Apache Camel 3.4.0 (camel-1) uptime 2 minutes
2020-08-13 INFO  o.a.c.i.engine.AbstractCamelContext - Apache Camel 3.4.0 (camel-1) is shutdown in 0.023 seconds
2020-08-13 INFO  o.s.s.c.ThreadPoolTaskExecutor - Shutting down ExecutorService 'applicationTaskExecutor'
2020-08-13 INFO  c.a.c.p.CamelProducerApplicationTests - Starting CamelProducerApplicationTests on DESKTOP-9980I0V with PID 18868 (started by sureshd in D:\Personal\Projectss\ascenthr_devops_java_stack\Java_source\CamelProducer)
2020-08-13 INFO  c.a.c.p.CamelProducerApplicationTests - No active profile set, falling back to default profiles: default
2020-08-13 INFO  o.s.c.s.PostProcessorRegistrationDelegate$BeanPostProcessorChecker - Bean 'org.apache.camel.spring.boot.CamelAutoConfiguration' of type [org.apache.camel.spring.boot.CamelAutoConfiguration$$EnhancerBySpringCGLIB$$e0f69cbc] is not eligible for getting processed by all BeanPostProcessors (for example: not eligible for auto-proxying)
2020-08-13 INFO  o.a.camel.support.LRUCacheFactory - Detected and using LRUCacheFactory: camel-caffeine-lrucache
2020-08-13 WARN  o.a.c.i.e.DefaultCamelBeanPostProcessor - No CamelContext defined yet so cannot inject into bean: org.apache.camel.impl.health.DefaultHealthCheckRegistry
2020-08-13 INFO  o.s.s.c.ThreadPoolTaskExecutor - Initializing ExecutorService 'applicationTaskExecutor'
2020-08-13 INFO  o.a.c.i.e.BaseExecutorServiceManager - Using custom DefaultThreadPoolProfile: ThreadPoolProfile[default (true) size:20-20, keepAlive:60 SECONDS, maxQueue:1000, allowCoreThreadTimeOut:true, rejectedPolicy:CallerRuns]
2020-08-13 INFO  o.s.b.a.e.web.EndpointLinksResolver - Exposing 1 endpoint(s) beneath base path '/actuator'
2020-08-13 INFO  o.a.c.s.b.SpringBootRoutesCollector - Loading additional Camel XML routes from: classpath:camel/*.xml
2020-08-13 INFO  o.a.c.s.b.SpringBootRoutesCollector - Loading additional Camel XML rests from: classpath:camel-rest/*.xml
2020-08-13 WARN  o.a.c.c.rabbitmq.RabbitMQComponent - The old syntax rabbitmq://hostname:port/exchangeName is deprecated. You should configure the hostname on the component or ConnectionFactory
2020-08-13 INFO  o.a.c.i.engine.AbstractCamelContext - Apache Camel 3.4.0 (camel-1) is starting
2020-08-13 INFO  o.a.c.i.engine.AbstractCamelContext - StreamCaching is not in use. If using streams then its recommended to enable stream caching. See more details at http://camel.apache.org/stream-caching.html
2020-08-13 INFO  o.a.c.i.engine.AbstractCamelContext - Using HealthCheck: camel-spring-boot
2020-08-13 INFO  o.a.c.c.jackson.JacksonDataFormat - The option autoDiscoverObjectMapper is set to false, Camel won't search in the registry
2020-08-13 WARN  o.a.c.c.rabbitmq.RabbitMQProducer - Failed to create connection. It will attempt to connect again when publishing a message.
java.net.UnknownHostException: No such host is known (rabbitmq.rabbitmq.svc.cluster.local)
	at java.base/java.net.Inet6AddressImpl.lookupAllHostAddr(Native Method)
	at java.base/java.net.InetAddress$PlatformNameService.lookupAllHostAddr(InetAddress.java:929)
	at java.base/java.net.InetAddress.getAddressesFromNameService(InetAddress.java:1515)
	at java.base/java.net.InetAddress$NameServiceAddresses.get(InetAddress.java:848)
	at java.base/java.net.InetAddress.getAllByName0(InetAddress.java:1505)
	at java.base/java.net.InetAddress.getAllByName(InetAddress.java:1364)
	at java.base/java.net.InetAddress.getAllByName(InetAddress.java:1298)
	at com.rabbitmq.client.DnsRecordIpAddressResolver.resolveIpAddresses(DnsRecordIpAddressResolver.java:83)
	at com.rabbitmq.client.DnsRecordIpAddressResolver.getAddresses(DnsRecordIpAddressResolver.java:73)
	at com.rabbitmq.client.impl.recovery.RecoveryAwareAMQConnectionFactory.newConnection(RecoveryAwareAMQConnectionFactory.java:58)
	at com.rabbitmq.client.impl.recovery.AutorecoveringConnection.init(AutorecoveringConnection.java:156)
	at com.rabbitmq.client.ConnectionFactory.newConnection(ConnectionFactory.java:1095)
	at com.rabbitmq.client.ConnectionFactory.newConnection(ConnectionFactory.java:1054)
	at com.rabbitmq.client.ConnectionFactory.newConnection(ConnectionFactory.java:1012)
	at com.rabbitmq.client.ConnectionFactory.newConnection(ConnectionFactory.java:1201)
	at org.apache.camel.component.rabbitmq.RabbitMQEndpoint.connect(RabbitMQEndpoint.java:234)
	at org.apache.camel.component.rabbitmq.RabbitMQProducer.openConnectionAndChannelPool(RabbitMQProducer.java:109)
	at org.apache.camel.component.rabbitmq.RabbitMQProducer.doStart(RabbitMQProducer.java:151)
	at org.apache.camel.support.service.BaseService.start(BaseService.java:115)
	at org.apache.camel.support.service.ServiceHelper.startService(ServiceHelper.java:84)
	at org.apache.camel.impl.engine.AbstractCamelContext.internalAddService(AbstractCamelContext.java:1486)
	at org.apache.camel.impl.engine.AbstractCamelContext.addService(AbstractCamelContext.java:1406)
	at org.apache.camel.processor.SendProcessor.doStart(SendProcessor.java:234)
	at org.apache.camel.support.service.BaseService.start(BaseService.java:115)
	at org.apache.camel.support.service.ServiceHelper.startService(ServiceHelper.java:84)
	at org.apache.camel.support.service.ServiceHelper.startService(ServiceHelper.java:101)
	at org.apache.camel.processor.errorhandler.RedeliveryErrorHandler.doStart(RedeliveryErrorHandler.java:1459)
	at org.apache.camel.support.ChildServiceSupport.start(ChildServiceSupport.java:60)
	at org.apache.camel.support.service.ServiceHelper.startService(ServiceHelper.java:84)
	at org.apache.camel.support.service.ServiceHelper.startService(ServiceHelper.java:101)
	at org.apache.camel.processor.channel.DefaultChannel.doStart(DefaultChannel.java:143)
	at org.apache.camel.support.service.BaseService.start(BaseService.java:115)
	at org.apache.camel.support.service.ServiceHelper.startService(ServiceHelper.java:84)
	at org.apache.camel.support.service.ServiceHelper.startService(ServiceHelper.java:87)
	at org.apache.camel.processor.Pipeline.doStart(Pipeline.java:154)
	at org.apache.camel.support.service.BaseService.start(BaseService.java:115)
	at org.apache.camel.support.service.ServiceHelper.startService(ServiceHelper.java:84)
	at org.apache.camel.support.service.ServiceHelper.startService(ServiceHelper.java:101)
	at org.apache.camel.processor.errorhandler.RedeliveryErrorHandler.doStart(RedeliveryErrorHandler.java:1459)
	at org.apache.camel.support.ChildServiceSupport.start(ChildServiceSupport.java:60)
	at org.apache.camel.support.service.ServiceHelper.startService(ServiceHelper.java:84)
	at org.apache.camel.support.processor.DelegateAsyncProcessor.doStart(DelegateAsyncProcessor.java:78)
	at org.apache.camel.support.service.BaseService.start(BaseService.java:115)
	at org.apache.camel.support.service.ServiceHelper.startService(ServiceHelper.java:84)
	at org.apache.camel.processor.MulticastProcessor.createErrorHandler(MulticastProcessor.java:758)
	at org.apache.camel.processor.MulticastProcessor.doInit(MulticastProcessor.java:244)
	at org.apache.camel.processor.Splitter.doInit(Splitter.java:82)
	at org.apache.camel.support.service.BaseService.init(BaseService.java:83)
	at org.apache.camel.support.service.BaseService.start(BaseService.java:111)
	at org.apache.camel.support.service.ServiceHelper.startService(ServiceHelper.java:84)
	at org.apache.camel.support.service.ServiceHelper.startService(ServiceHelper.java:101)
	at org.apache.camel.processor.errorhandler.RedeliveryErrorHandler.doStart(RedeliveryErrorHandler.java:1459)
	at org.apache.camel.support.ChildServiceSupport.start(ChildServiceSupport.java:60)
	at org.apache.camel.support.service.ServiceHelper.startService(ServiceHelper.java:84)
	at org.apache.camel.support.service.ServiceHelper.startService(ServiceHelper.java:101)
	at org.apache.camel.processor.channel.DefaultChannel.doStart(DefaultChannel.java:143)
	at org.apache.camel.support.service.BaseService.start(BaseService.java:115)
	at org.apache.camel.support.service.ServiceHelper.startService(ServiceHelper.java:84)
	at org.apache.camel.support.service.ServiceHelper.startService(ServiceHelper.java:87)
	at org.apache.camel.processor.Pipeline.doStart(Pipeline.java:154)
	at org.apache.camel.support.service.BaseService.start(BaseService.java:115)
	at org.apache.camel.support.service.ServiceHelper.startService(ServiceHelper.java:84)
	at org.apache.camel.support.processor.DelegateAsyncProcessor.doStart(DelegateAsyncProcessor.java:78)
	at org.apache.camel.support.service.BaseService.start(BaseService.java:115)
	at org.apache.camel.support.service.ServiceHelper.startService(ServiceHelper.java:84)
	at org.apache.camel.impl.engine.RouteService.startChildService(RouteService.java:334)
	at org.apache.camel.impl.engine.RouteService.doWarmUp(RouteService.java:184)
	at org.apache.camel.impl.engine.RouteService.warmUp(RouteService.java:123)
	at org.apache.camel.impl.engine.InternalRouteStartupManager.doWarmUpRoutes(InternalRouteStartupManager.java:263)
	at org.apache.camel.impl.engine.InternalRouteStartupManager.safelyStartRouteServices(InternalRouteStartupManager.java:156)
	at org.apache.camel.impl.engine.InternalRouteStartupManager.doStartOrResumeRoutes(InternalRouteStartupManager.java:114)
	at org.apache.camel.impl.engine.AbstractCamelContext.doStartCamel(AbstractCamelContext.java:2809)
	at org.apache.camel.impl.engine.AbstractCamelContext.doStartContext(AbstractCamelContext.java:2657)
	at org.apache.camel.impl.engine.AbstractCamelContext.doStart(AbstractCamelContext.java:2620)
	at org.apache.camel.spring.boot.SpringBootCamelContext.doStart(SpringBootCamelContext.java:43)
	at org.apache.camel.support.service.BaseService.start(BaseService.java:115)
	at org.apache.camel.impl.engine.AbstractCamelContext.start(AbstractCamelContext.java:2452)
	at org.apache.camel.spring.SpringCamelContext.start(SpringCamelContext.java:121)
	at org.apache.camel.spring.SpringCamelContext.onApplicationEvent(SpringCamelContext.java:157)
	at org.springframework.context.event.SimpleApplicationEventMulticaster.doInvokeListener(SimpleApplicationEventMulticaster.java:172)
	at org.springframework.context.event.SimpleApplicationEventMulticaster.invokeListener(SimpleApplicationEventMulticaster.java:165)
	at org.springframework.context.event.SimpleApplicationEventMulticaster.multicastEvent(SimpleApplicationEventMulticaster.java:139)
	at org.springframework.context.support.AbstractApplicationContext.publishEvent(AbstractApplicationContext.java:403)
	at org.springframework.context.support.AbstractApplicationContext.publishEvent(AbstractApplicationContext.java:360)
	at org.springframework.context.support.AbstractApplicationContext.finishRefresh(AbstractApplicationContext.java:897)
	at org.springframework.context.support.AbstractApplicationContext.refresh(AbstractApplicationContext.java:553)
	at org.springframework.boot.SpringApplication.refresh(SpringApplication.java:744)
	at org.springframework.boot.SpringApplication.refreshContext(SpringApplication.java:391)
	at org.springframework.boot.SpringApplication.run(SpringApplication.java:312)
	at org.springframework.boot.test.context.SpringBootContextLoader.loadContext(SpringBootContextLoader.java:121)
	at org.springframework.test.context.cache.DefaultCacheAwareContextLoaderDelegate.loadContextInternal(DefaultCacheAwareContextLoaderDelegate.java:99)
	at org.springframework.test.context.cache.DefaultCacheAwareContextLoaderDelegate.loadContext(DefaultCacheAwareContextLoaderDelegate.java:117)
	at org.springframework.test.context.support.DefaultTestContext.getApplicationContext(DefaultTestContext.java:108)
	at org.springframework.test.context.web.ServletTestExecutionListener.setUpRequestContextIfNecessary(ServletTestExecutionListener.java:190)
	at org.springframework.test.context.web.ServletTestExecutionListener.prepareTestInstance(ServletTestExecutionListener.java:132)
	at org.springframework.test.context.TestContextManager.prepareTestInstance(TestContextManager.java:246)
	at org.springframework.test.context.junit4.SpringJUnit4ClassRunner.createTest(SpringJUnit4ClassRunner.java:227)
	at org.springframework.test.context.junit4.SpringJUnit4ClassRunner$1.runReflectiveCall(SpringJUnit4ClassRunner.java:289)
	at org.junit.internal.runners.model.ReflectiveCallable.run(ReflectiveCallable.java:12)
	at org.springframework.test.context.junit4.SpringJUnit4ClassRunner.methodBlock(SpringJUnit4ClassRunner.java:291)
	at org.springframework.test.context.junit4.SpringJUnit4ClassRunner.runChild(SpringJUnit4ClassRunner.java:246)
	at org.springframework.test.context.junit4.SpringJUnit4ClassRunner.runChild(SpringJUnit4ClassRunner.java:97)
	at org.junit.runners.ParentRunner$3.run(ParentRunner.java:290)
	at org.junit.runners.ParentRunner$1.schedule(ParentRunner.java:71)
	at org.junit.runners.ParentRunner.runChildren(ParentRunner.java:288)
	at org.junit.runners.ParentRunner.access$000(ParentRunner.java:58)
	at org.junit.runners.ParentRunner$2.evaluate(ParentRunner.java:268)
	at org.springframework.test.context.junit4.statements.RunBeforeTestClassCallbacks.evaluate(RunBeforeTestClassCallbacks.java:61)
	at org.springframework.test.context.junit4.statements.RunAfterTestClassCallbacks.evaluate(RunAfterTestClassCallbacks.java:70)
	at org.junit.runners.ParentRunner.run(ParentRunner.java:363)
	at org.springframework.test.context.junit4.SpringJUnit4ClassRunner.run(SpringJUnit4ClassRunner.java:190)
	at org.apache.maven.surefire.junit4.JUnit4Provider.execute(JUnit4Provider.java:365)
	at org.apache.maven.surefire.junit4.JUnit4Provider.executeWithRerun(JUnit4Provider.java:273)
	at org.apache.maven.surefire.junit4.JUnit4Provider.executeTestSet(JUnit4Provider.java:238)
	at org.apache.maven.surefire.junit4.JUnit4Provider.invoke(JUnit4Provider.java:159)
	at org.apache.maven.surefire.booter.ForkedBooter.invokeProviderInSameClassLoader(ForkedBooter.java:384)
	at org.apache.maven.surefire.booter.ForkedBooter.runSuitesInProcess(ForkedBooter.java:345)
	at org.apache.maven.surefire.booter.ForkedBooter.execute(ForkedBooter.java:126)
	at org.apache.maven.surefire.booter.ForkedBooter.main(ForkedBooter.java:418)
2020-08-13 INFO  o.a.c.i.e.InternalRouteStartupManager - Route: rabbitEmployeeRoute started and consuming from: direct://rabbitEmployeePoint
2020-08-13 INFO  o.a.c.i.engine.AbstractCamelContext - Total 1 routes, of which 1 are started
2020-08-13 INFO  o.a.c.i.engine.AbstractCamelContext - Apache Camel 3.4.0 (camel-1) started in 0.084 seconds
2020-08-13 INFO  c.a.c.p.CamelProducerApplicationTests - Started CamelProducerApplicationTests in 10.9 seconds (JVM running for 12.529)
2020-08-13 INFO  o.a.c.i.engine.AbstractCamelContext - Apache Camel 3.4.0 (camel-1) is shutting down
2020-08-13 INFO  o.a.c.i.e.DefaultShutdownStrategy - Starting to graceful shutdown 1 routes (timeout 45 seconds)
2020-08-13 INFO  o.a.c.i.e.DefaultShutdownStrategy - Route: rabbitEmployeeRoute shutdown complete, was consuming from: direct://rabbitEmployeePoint
2020-08-13 INFO  o.a.c.i.e.DefaultShutdownStrategy - Graceful shutdown of 1 routes completed in 0 seconds
2020-08-13 INFO  o.a.c.i.engine.AbstractCamelContext - Apache Camel 3.4.0 (camel-1) uptime 1.309 seconds
2020-08-13 INFO  o.a.c.i.engine.AbstractCamelContext - Apache Camel 3.4.0 (camel-1) is shutdown in 0.030 seconds
2020-08-13 INFO  o.s.s.c.ThreadPoolTaskExecutor - Shutting down ExecutorService 'applicationTaskExecutor'
