2020-07-18 INFO  c.a.c.c.CamelConsumerApplicationTests - Starting CamelConsumerApplicationTests on ip-172-31-4-98.ec2.internal with PID 20130 (started by centos in /home/centos/ascenthr_devops_java_stack/CamelConsumer)
2020-07-18 INFO  c.a.c.c.CamelConsumerApplicationTests - No active profile set, falling back to default profiles: default
2020-07-18 INFO  o.s.d.r.c.RepositoryConfigurationDelegate - Bootstrapping Spring Data JPA repositories in DEFAULT mode.
2020-07-18 INFO  o.s.d.r.c.RepositoryConfigurationDelegate - Finished Spring Data repository scanning in 95ms. Found 1 JPA repository interfaces.
2020-07-18 INFO  o.s.c.s.PostProcessorRegistrationDelegate$BeanPostProcessorChecker - Bean 'org.apache.camel.spring.boot.CamelAutoConfiguration' of type [org.apache.camel.spring.boot.CamelAutoConfiguration$$EnhancerBySpringCGLIB$$50c2467f] is not eligible for getting processed by all BeanPostProcessors (for example: not eligible for auto-proxying)
2020-07-18 INFO  com.zaxxer.hikari.HikariDataSource - HikariPool-1 - Starting...
2020-07-18 INFO  com.zaxxer.hikari.HikariDataSource - HikariPool-1 - Start completed.
2020-07-18 INFO  o.h.jpa.internal.util.LogHelper - HHH000204: Processing PersistenceUnitInfo [
	name: default
	...]
2020-07-18 INFO  org.hibernate.Version - HHH000412: Hibernate Core {5.3.17.Final}
2020-07-18 INFO  org.hibernate.cfg.Environment - HHH000206: hibernate.properties not found
2020-07-18 INFO  o.h.annotations.common.Version - HCANN000001: Hibernate Commons Annotations {5.0.4.Final}
2020-07-18 INFO  org.hibernate.dialect.Dialect - HHH000400: Using dialect: org.hibernate.dialect.PostgreSQLDialect
2020-07-18 INFO  o.h.e.j.e.i.LobCreatorBuilderImpl - HHH000421: Disabling contextual LOB creation as hibernate.jdbc.lob.non_contextual_creation is true
2020-07-18 INFO  org.hibernate.type.BasicTypeRegistry - HHH000270: Type registration [java.util.UUID] overrides previous : org.hibernate.type.UUIDBinaryType@6562cc23
2020-07-18 INFO  o.s.o.j.LocalContainerEntityManagerFactoryBean - Initialized JPA EntityManagerFactory for persistence unit 'default'
2020-07-18 INFO  o.a.camel.support.LRUCacheFactory - Detected and using LRUCacheFactory: camel-caffeine-lrucache
2020-07-18 WARN  o.a.c.i.e.DefaultCamelBeanPostProcessor - No CamelContext defined yet so cannot inject into bean: org.apache.camel.impl.health.DefaultHealthCheckRegistry
2020-07-18 INFO  o.a.c.i.e.BaseExecutorServiceManager - Using custom DefaultThreadPoolProfile: ThreadPoolProfile[default (true) size:20-20, keepAlive:60 SECONDS, maxQueue:1000, allowCoreThreadTimeOut:true, rejectedPolicy:CallerRuns]
2020-07-18 INFO  o.a.c.s.b.SpringBootRoutesCollector - Loading additional Camel XML routes from: classpath:camel/*.xml
2020-07-18 INFO  o.a.c.s.b.SpringBootRoutesCollector - Loading additional Camel XML rests from: classpath:camel-rest/*.xml
2020-07-18 WARN  o.a.c.c.rabbitmq.RabbitMQComponent - The old syntax rabbitmq://hostname:port/exchangeName is deprecated. You should configure the hostname on the component or ConnectionFactory
2020-07-18 INFO  o.a.c.i.engine.AbstractCamelContext - Apache Camel 3.4.0 (camel-1) is starting
2020-07-18 INFO  o.a.c.i.engine.AbstractCamelContext - StreamCaching is not in use. If using streams then its recommended to enable stream caching. See more details at http://camel.apache.org/stream-caching.html
2020-07-18 INFO  o.a.c.i.engine.AbstractCamelContext - Using HealthCheck: camel-spring-boot
2020-07-18 WARN  o.a.c.c.rabbitmq.RabbitConsumer - Unable to open channel for RabbitMQConsumer. Continuing and will try again
java.net.UnknownHostException: rabbitmq.rabbitmq.svc.cluster.local: Name or service not known
	at java.base/java.net.Inet6AddressImpl.lookupAllHostAddr(Native Method)
	at java.base/java.net.InetAddress$PlatformNameService.lookupAllHostAddr(InetAddress.java:929)
	at java.base/java.net.InetAddress.getAddressesFromNameService(InetAddress.java:1515)
	at java.base/java.net.InetAddress$NameServiceAddresses.get(InetAddress.java:848)
	at java.base/java.net.InetAddress.getAllByName0(InetAddress.java:1505)
	at java.base/java.net.InetAddress.getAllByName(InetAddress.java:1364)
	at java.base/java.net.InetAddress.getAllByName(InetAddress.java:1298)
	at com.rabbitmq.client.DnsRecordIpAddressResolver.resolveIpAddresses(DnsRecordIpAddressResolver.java:83)
	at com.rabbitmq.client.DnsRecordIpAddressResolver.getAddresses(DnsRecordIpAddressResolver.java:73)
	at com.rabbitmq.client.impl.recovery.RecoveryAwareAMQConnectionFactory.newConnection(RecoveryAwareAMQConnectionFactory.java:58)
	at com.rabbitmq.client.impl.recovery.AutorecoveringConnection.init(AutorecoveringConnection.java:156)
	at com.rabbitmq.client.ConnectionFactory.newConnection(ConnectionFactory.java:1095)
	at com.rabbitmq.client.ConnectionFactory.newConnection(ConnectionFactory.java:1054)
	at com.rabbitmq.client.ConnectionFactory.newConnection(ConnectionFactory.java:1012)
	at com.rabbitmq.client.ConnectionFactory.newConnection(ConnectionFactory.java:1201)
	at org.apache.camel.component.rabbitmq.RabbitMQEndpoint.connect(RabbitMQEndpoint.java:234)
	at org.apache.camel.component.rabbitmq.RabbitMQConsumer.openConnection(RabbitMQConsumer.java:69)
	at org.apache.camel.component.rabbitmq.RabbitMQConsumer.getConnection(RabbitMQConsumer.java:78)
	at org.apache.camel.component.rabbitmq.RabbitConsumer.<init>(RabbitConsumer.java:58)
	at org.apache.camel.component.rabbitmq.RabbitMQConsumer.createConsumer(RabbitMQConsumer.java:127)
	at org.apache.camel.component.rabbitmq.RabbitMQConsumer.createConsumers(RabbitMQConsumer.java:99)
	at org.apache.camel.component.rabbitmq.RabbitMQConsumer.doStart(RabbitMQConsumer.java:179)
	at org.apache.camel.support.service.BaseService.start(BaseService.java:115)
	at org.apache.camel.impl.engine.AbstractCamelContext.startService(AbstractCamelContext.java:3025)
	at org.apache.camel.impl.engine.InternalRouteStartupManager.doStartOrResumeRouteConsumers(InternalRouteStartupManager.java:348)
	at org.apache.camel.impl.engine.InternalRouteStartupManager.doStartRouteConsumers(InternalRouteStartupManager.java:275)
	at org.apache.camel.impl.engine.InternalRouteStartupManager.safelyStartRouteServices(InternalRouteStartupManager.java:180)
	at org.apache.camel.impl.engine.InternalRouteStartupManager.doStartOrResumeRoutes(InternalRouteStartupManager.java:114)
	at org.apache.camel.impl.engine.AbstractCamelContext.doStartCamel(AbstractCamelContext.java:2809)
	at org.apache.camel.impl.engine.AbstractCamelContext.doStartContext(AbstractCamelContext.java:2657)
	at org.apache.camel.impl.engine.AbstractCamelContext.doStart(AbstractCamelContext.java:2620)
	at org.apache.camel.spring.boot.SpringBootCamelContext.doStart(SpringBootCamelContext.java:43)
	at org.apache.camel.support.service.BaseService.start(BaseService.java:115)
	at org.apache.camel.impl.engine.AbstractCamelContext.start(AbstractCamelContext.java:2452)
	at org.apache.camel.spring.SpringCamelContext.start(SpringCamelContext.java:121)
	at org.apache.camel.spring.SpringCamelContext.onApplicationEvent(SpringCamelContext.java:157)
	at org.springframework.context.event.SimpleApplicationEventMulticaster.doInvokeListener(SimpleApplicationEventMulticaster.java:172)
	at org.springframework.context.event.SimpleApplicationEventMulticaster.invokeListener(SimpleApplicationEventMulticaster.java:165)
	at org.springframework.context.event.SimpleApplicationEventMulticaster.multicastEvent(SimpleApplicationEventMulticaster.java:139)
	at org.springframework.context.support.AbstractApplicationContext.publishEvent(AbstractApplicationContext.java:403)
	at org.springframework.context.support.AbstractApplicationContext.publishEvent(AbstractApplicationContext.java:360)
	at org.springframework.context.support.AbstractApplicationContext.finishRefresh(AbstractApplicationContext.java:897)
	at org.springframework.context.support.AbstractApplicationContext.refresh(AbstractApplicationContext.java:553)
	at org.springframework.boot.SpringApplication.refresh(SpringApplication.java:744)
	at org.springframework.boot.SpringApplication.refreshContext(SpringApplication.java:391)
	at org.springframework.boot.SpringApplication.run(SpringApplication.java:312)
	at org.springframework.boot.test.context.SpringBootContextLoader.loadContext(SpringBootContextLoader.java:121)
	at org.springframework.test.context.cache.DefaultCacheAwareContextLoaderDelegate.loadContextInternal(DefaultCacheAwareContextLoaderDelegate.java:99)
	at org.springframework.test.context.cache.DefaultCacheAwareContextLoaderDelegate.loadContext(DefaultCacheAwareContextLoaderDelegate.java:117)
	at org.springframework.test.context.support.DefaultTestContext.getApplicationContext(DefaultTestContext.java:108)
	at org.springframework.test.context.support.DependencyInjectionTestExecutionListener.injectDependencies(DependencyInjectionTestExecutionListener.java:118)
	at org.springframework.test.context.support.DependencyInjectionTestExecutionListener.prepareTestInstance(DependencyInjectionTestExecutionListener.java:83)
	at org.springframework.boot.test.autoconfigure.SpringBootDependencyInjectionTestExecutionListener.prepareTestInstance(SpringBootDependencyInjectionTestExecutionListener.java:43)
	at org.springframework.test.context.TestContextManager.prepareTestInstance(TestContextManager.java:246)
	at org.springframework.test.context.junit4.SpringJUnit4ClassRunner.createTest(SpringJUnit4ClassRunner.java:227)
	at org.springframework.test.context.junit4.SpringJUnit4ClassRunner$1.runReflectiveCall(SpringJUnit4ClassRunner.java:289)
	at org.junit.internal.runners.model.ReflectiveCallable.run(ReflectiveCallable.java:12)
	at org.springframework.test.context.junit4.SpringJUnit4ClassRunner.methodBlock(SpringJUnit4ClassRunner.java:291)
	at org.springframework.test.context.junit4.SpringJUnit4ClassRunner.runChild(SpringJUnit4ClassRunner.java:246)
	at org.springframework.test.context.junit4.SpringJUnit4ClassRunner.runChild(SpringJUnit4ClassRunner.java:97)
	at org.junit.runners.ParentRunner$3.run(ParentRunner.java:290)
	at org.junit.runners.ParentRunner$1.schedule(ParentRunner.java:71)
	at org.junit.runners.ParentRunner.runChildren(ParentRunner.java:288)
	at org.junit.runners.ParentRunner.access$000(ParentRunner.java:58)
	at org.junit.runners.ParentRunner$2.evaluate(ParentRunner.java:268)
	at org.springframework.test.context.junit4.statements.RunBeforeTestClassCallbacks.evaluate(RunBeforeTestClassCallbacks.java:61)
	at org.springframework.test.context.junit4.statements.RunAfterTestClassCallbacks.evaluate(RunAfterTestClassCallbacks.java:70)
	at org.junit.runners.ParentRunner.run(ParentRunner.java:363)
	at org.springframework.test.context.junit4.SpringJUnit4ClassRunner.run(SpringJUnit4ClassRunner.java:190)
	at org.apache.maven.surefire.junit4.JUnit4Provider.execute(JUnit4Provider.java:365)
	at org.apache.maven.surefire.junit4.JUnit4Provider.executeWithRerun(JUnit4Provider.java:273)
	at org.apache.maven.surefire.junit4.JUnit4Provider.executeTestSet(JUnit4Provider.java:238)
	at org.apache.maven.surefire.junit4.JUnit4Provider.invoke(JUnit4Provider.java:159)
	at org.apache.maven.surefire.booter.ForkedBooter.invokeProviderInSameClassLoader(ForkedBooter.java:384)
	at org.apache.maven.surefire.booter.ForkedBooter.runSuitesInProcess(ForkedBooter.java:345)
	at org.apache.maven.surefire.booter.ForkedBooter.execute(ForkedBooter.java:126)
	at org.apache.maven.surefire.booter.ForkedBooter.main(ForkedBooter.java:418)
2020-07-18 INFO  o.a.c.c.rabbitmq.RabbitMQConsumer - Connection failed starting consumers, will start background thread to retry!
org.apache.camel.RuntimeCamelException: java.io.IOException: The RabbitMQ channel is not open
	at org.apache.camel.RuntimeCamelException.wrapRuntimeException(RuntimeCamelException.java:68)
	at org.apache.camel.support.service.BaseService.doFail(BaseService.java:411)
	at org.apache.camel.support.service.BaseService.fail(BaseService.java:337)
	at org.apache.camel.support.service.BaseService.start(BaseService.java:127)
	at org.apache.camel.support.service.ServiceHelper.startService(ServiceHelper.java:84)
	at org.apache.camel.component.rabbitmq.RabbitMQConsumer.startConsumers(RabbitMQConsumer.java:112)
	at org.apache.camel.component.rabbitmq.RabbitMQConsumer.doStart(RabbitMQConsumer.java:180)
	at org.apache.camel.support.service.BaseService.start(BaseService.java:115)
	at org.apache.camel.impl.engine.AbstractCamelContext.startService(AbstractCamelContext.java:3025)
	at org.apache.camel.impl.engine.InternalRouteStartupManager.doStartOrResumeRouteConsumers(InternalRouteStartupManager.java:348)
	at org.apache.camel.impl.engine.InternalRouteStartupManager.doStartRouteConsumers(InternalRouteStartupManager.java:275)
	at org.apache.camel.impl.engine.InternalRouteStartupManager.safelyStartRouteServices(InternalRouteStartupManager.java:180)
	at org.apache.camel.impl.engine.InternalRouteStartupManager.doStartOrResumeRoutes(InternalRouteStartupManager.java:114)
	at org.apache.camel.impl.engine.AbstractCamelContext.doStartCamel(AbstractCamelContext.java:2809)
	at org.apache.camel.impl.engine.AbstractCamelContext.doStartContext(AbstractCamelContext.java:2657)
	at org.apache.camel.impl.engine.AbstractCamelContext.doStart(AbstractCamelContext.java:2620)
	at org.apache.camel.spring.boot.SpringBootCamelContext.doStart(SpringBootCamelContext.java:43)
	at org.apache.camel.support.service.BaseService.start(BaseService.java:115)
	at org.apache.camel.impl.engine.AbstractCamelContext.start(AbstractCamelContext.java:2452)
	at org.apache.camel.spring.SpringCamelContext.start(SpringCamelContext.java:121)
	at org.apache.camel.spring.SpringCamelContext.onApplicationEvent(SpringCamelContext.java:157)
	at org.springframework.context.event.SimpleApplicationEventMulticaster.doInvokeListener(SimpleApplicationEventMulticaster.java:172)
	at org.springframework.context.event.SimpleApplicationEventMulticaster.invokeListener(SimpleApplicationEventMulticaster.java:165)
	at org.springframework.context.event.SimpleApplicationEventMulticaster.multicastEvent(SimpleApplicationEventMulticaster.java:139)
	at org.springframework.context.support.AbstractApplicationContext.publishEvent(AbstractApplicationContext.java:403)
	at org.springframework.context.support.AbstractApplicationContext.publishEvent(AbstractApplicationContext.java:360)
	at org.springframework.context.support.AbstractApplicationContext.finishRefresh(AbstractApplicationContext.java:897)
	at org.springframework.context.support.AbstractApplicationContext.refresh(AbstractApplicationContext.java:553)
	at org.springframework.boot.SpringApplication.refresh(SpringApplication.java:744)
	at org.springframework.boot.SpringApplication.refreshContext(SpringApplication.java:391)
	at org.springframework.boot.SpringApplication.run(SpringApplication.java:312)
	at org.springframework.boot.test.context.SpringBootContextLoader.loadContext(SpringBootContextLoader.java:121)
	at org.springframework.test.context.cache.DefaultCacheAwareContextLoaderDelegate.loadContextInternal(DefaultCacheAwareContextLoaderDelegate.java:99)
	at org.springframework.test.context.cache.DefaultCacheAwareContextLoaderDelegate.loadContext(DefaultCacheAwareContextLoaderDelegate.java:117)
	at org.springframework.test.context.support.DefaultTestContext.getApplicationContext(DefaultTestContext.java:108)
	at org.springframework.test.context.support.DependencyInjectionTestExecutionListener.injectDependencies(DependencyInjectionTestExecutionListener.java:118)
	at org.springframework.test.context.support.DependencyInjectionTestExecutionListener.prepareTestInstance(DependencyInjectionTestExecutionListener.java:83)
	at org.springframework.boot.test.autoconfigure.SpringBootDependencyInjectionTestExecutionListener.prepareTestInstance(SpringBootDependencyInjectionTestExecutionListener.java:43)
	at org.springframework.test.context.TestContextManager.prepareTestInstance(TestContextManager.java:246)
	at org.springframework.test.context.junit4.SpringJUnit4ClassRunner.createTest(SpringJUnit4ClassRunner.java:227)
	at org.springframework.test.context.junit4.SpringJUnit4ClassRunner$1.runReflectiveCall(SpringJUnit4ClassRunner.java:289)
	at org.junit.internal.runners.model.ReflectiveCallable.run(ReflectiveCallable.java:12)
	at org.springframework.test.context.junit4.SpringJUnit4ClassRunner.methodBlock(SpringJUnit4ClassRunner.java:291)
	at org.springframework.test.context.junit4.SpringJUnit4ClassRunner.runChild(SpringJUnit4ClassRunner.java:246)
	at org.springframework.test.context.junit4.SpringJUnit4ClassRunner.runChild(SpringJUnit4ClassRunner.java:97)
	at org.junit.runners.ParentRunner$3.run(ParentRunner.java:290)
	at org.junit.runners.ParentRunner$1.schedule(ParentRunner.java:71)
	at org.junit.runners.ParentRunner.runChildren(ParentRunner.java:288)
	at org.junit.runners.ParentRunner.access$000(ParentRunner.java:58)
	at org.junit.runners.ParentRunner$2.evaluate(ParentRunner.java:268)
	at org.springframework.test.context.junit4.statements.RunBeforeTestClassCallbacks.evaluate(RunBeforeTestClassCallbacks.java:61)
	at org.springframework.test.context.junit4.statements.RunAfterTestClassCallbacks.evaluate(RunAfterTestClassCallbacks.java:70)
	at org.junit.runners.ParentRunner.run(ParentRunner.java:363)
	at org.springframework.test.context.junit4.SpringJUnit4ClassRunner.run(SpringJUnit4ClassRunner.java:190)
	at org.apache.maven.surefire.junit4.JUnit4Provider.execute(JUnit4Provider.java:365)
	at org.apache.maven.surefire.junit4.JUnit4Provider.executeWithRerun(JUnit4Provider.java:273)
	at org.apache.maven.surefire.junit4.JUnit4Provider.executeTestSet(JUnit4Provider.java:238)
	at org.apache.maven.surefire.junit4.JUnit4Provider.invoke(JUnit4Provider.java:159)
	at org.apache.maven.surefire.booter.ForkedBooter.invokeProviderInSameClassLoader(ForkedBooter.java:384)
	at org.apache.maven.surefire.booter.ForkedBooter.runSuitesInProcess(ForkedBooter.java:345)
	at org.apache.maven.surefire.booter.ForkedBooter.execute(ForkedBooter.java:126)
	at org.apache.maven.surefire.booter.ForkedBooter.main(ForkedBooter.java:418)
Caused by: java.io.IOException: The RabbitMQ channel is not open
	at org.apache.camel.component.rabbitmq.RabbitConsumer.doStart(RabbitConsumer.java:183)
	at org.apache.camel.support.service.BaseService.start(BaseService.java:115)
	... 58 common frames omitted
2020-07-18 INFO  o.a.c.i.e.InternalRouteStartupManager - Route: rabbitEmployeeRoute started and consuming from: rabbitmq://rabbitmq.rabbitmq.svc.cluster.local:5672/example-exchange
2020-07-18 INFO  o.a.c.i.engine.AbstractCamelContext - Total 1 routes, of which 1 are started
2020-07-18 INFO  o.a.c.i.engine.AbstractCamelContext - Apache Camel 3.4.0 (camel-1) started in 0.085 seconds
2020-07-18 INFO  c.a.c.c.CamelConsumerApplicationTests - Started CamelConsumerApplicationTests in 7.08 seconds (JVM running for 8.684)
2020-07-18 INFO  o.a.c.c.rabbitmq.RabbitConsumer - Attempting to open a new rabbitMQ channel
2020-07-18 INFO  o.a.c.c.rabbitmq.RabbitMQConsumer - Connection failed, will retry in 5000ms
java.net.UnknownHostException: rabbitmq.rabbitmq.svc.cluster.local
	at java.base/java.net.InetAddress$CachedAddresses.get(InetAddress.java:797)
	at java.base/java.net.InetAddress.getAllByName0(InetAddress.java:1505)
	at java.base/java.net.InetAddress.getAllByName(InetAddress.java:1364)
	at java.base/java.net.InetAddress.getAllByName(InetAddress.java:1298)
	at com.rabbitmq.client.DnsRecordIpAddressResolver.resolveIpAddresses(DnsRecordIpAddressResolver.java:83)
	at com.rabbitmq.client.DnsRecordIpAddressResolver.getAddresses(DnsRecordIpAddressResolver.java:73)
	at com.rabbitmq.client.impl.recovery.RecoveryAwareAMQConnectionFactory.newConnection(RecoveryAwareAMQConnectionFactory.java:58)
	at com.rabbitmq.client.impl.recovery.AutorecoveringConnection.init(AutorecoveringConnection.java:156)
	at com.rabbitmq.client.ConnectionFactory.newConnection(ConnectionFactory.java:1095)
	at com.rabbitmq.client.ConnectionFactory.newConnection(ConnectionFactory.java:1054)
	at com.rabbitmq.client.ConnectionFactory.newConnection(ConnectionFactory.java:1012)
	at com.rabbitmq.client.ConnectionFactory.newConnection(ConnectionFactory.java:1201)
	at org.apache.camel.component.rabbitmq.RabbitMQEndpoint.connect(RabbitMQEndpoint.java:234)
	at org.apache.camel.component.rabbitmq.RabbitMQConsumer.openConnection(RabbitMQConsumer.java:69)
	at org.apache.camel.component.rabbitmq.RabbitMQConsumer.getConnection(RabbitMQConsumer.java:78)
	at org.apache.camel.component.rabbitmq.RabbitConsumer.reconnect(RabbitConsumer.java:323)
	at org.apache.camel.component.rabbitmq.RabbitMQConsumer$StartConsumerCallable.call(RabbitMQConsumer.java:221)
	at org.apache.camel.component.rabbitmq.RabbitMQConsumer$StartConsumerCallable.call(RabbitMQConsumer.java:201)
	at java.base/java.util.concurrent.FutureTask.run(FutureTask.java:264)
	at java.base/java.util.concurrent.ThreadPoolExecutor.runWorker(ThreadPoolExecutor.java:1128)
	at java.base/java.util.concurrent.ThreadPoolExecutor$Worker.run(ThreadPoolExecutor.java:628)
	at java.base/java.lang.Thread.run(Thread.java:834)
2020-07-18 INFO  o.a.c.i.engine.AbstractCamelContext - Apache Camel 3.4.0 (camel-1) is shutting down
2020-07-18 INFO  o.a.c.i.e.DefaultShutdownStrategy - Starting to graceful shutdown 1 routes (timeout 45 seconds)
2020-07-18 INFO  o.a.c.i.e.DefaultShutdownStrategy - Route: rabbitEmployeeRoute shutdown complete, was consuming from: rabbitmq://rabbitmq.rabbitmq.svc.cluster.local:5672/example-exchange
2020-07-18 INFO  o.a.c.i.e.DefaultShutdownStrategy - Graceful shutdown of 1 routes completed in 0 seconds
2020-07-18 INFO  o.a.c.i.engine.AbstractCamelContext - Apache Camel 3.4.0 (camel-1) uptime 0.343 seconds
2020-07-18 INFO  o.a.c.i.engine.AbstractCamelContext - Apache Camel 3.4.0 (camel-1) is shutdown in 0.014 seconds
2020-07-18 INFO  o.s.o.j.LocalContainerEntityManagerFactoryBean - Closing JPA EntityManagerFactory for persistence unit 'default'
2020-07-18 INFO  com.zaxxer.hikari.HikariDataSource - HikariPool-1 - Shutdown initiated...
2020-07-18 INFO  com.zaxxer.hikari.HikariDataSource - HikariPool-1 - Shutdown completed.
2020-07-18 INFO  c.a.c.c.CamelConsumerApplicationTests - Starting CamelConsumerApplicationTests on ip-172-31-4-98.ec2.internal with PID 16305 (started by centos in /home/centos/ascenthr_devops_java_stack/CamelConsumer)
2020-07-18 INFO  c.a.c.c.CamelConsumerApplicationTests - No active profile set, falling back to default profiles: default
2020-07-18 INFO  o.s.d.r.c.RepositoryConfigurationDelegate - Bootstrapping Spring Data JPA repositories in DEFAULT mode.
2020-07-18 INFO  o.s.d.r.c.RepositoryConfigurationDelegate - Finished Spring Data repository scanning in 69ms. Found 1 JPA repository interfaces.
2020-07-18 INFO  o.s.c.s.PostProcessorRegistrationDelegate$BeanPostProcessorChecker - Bean 'org.apache.camel.spring.boot.CamelAutoConfiguration' of type [org.apache.camel.spring.boot.CamelAutoConfiguration$$EnhancerBySpringCGLIB$$62633a15] is not eligible for getting processed by all BeanPostProcessors (for example: not eligible for auto-proxying)
2020-07-18 INFO  com.zaxxer.hikari.HikariDataSource - HikariPool-1 - Starting...
2020-07-18 INFO  com.zaxxer.hikari.HikariDataSource - HikariPool-1 - Start completed.
2020-07-18 INFO  o.h.jpa.internal.util.LogHelper - HHH000204: Processing PersistenceUnitInfo [
	name: default
	...]
2020-07-18 INFO  org.hibernate.Version - HHH000412: Hibernate Core {5.3.17.Final}
2020-07-18 INFO  org.hibernate.cfg.Environment - HHH000206: hibernate.properties not found
2020-07-18 INFO  o.h.annotations.common.Version - HCANN000001: Hibernate Commons Annotations {5.0.4.Final}
2020-07-18 INFO  org.hibernate.dialect.Dialect - HHH000400: Using dialect: org.hibernate.dialect.PostgreSQLDialect
2020-07-18 INFO  o.h.e.j.e.i.LobCreatorBuilderImpl - HHH000421: Disabling contextual LOB creation as hibernate.jdbc.lob.non_contextual_creation is true
2020-07-18 INFO  org.hibernate.type.BasicTypeRegistry - HHH000270: Type registration [java.util.UUID] overrides previous : org.hibernate.type.UUIDBinaryType@70be89ec
2020-07-18 INFO  o.s.o.j.LocalContainerEntityManagerFactoryBean - Initialized JPA EntityManagerFactory for persistence unit 'default'
2020-07-18 INFO  o.a.camel.support.LRUCacheFactory - Detected and using LRUCacheFactory: camel-caffeine-lrucache
2020-07-18 WARN  o.a.c.i.e.DefaultCamelBeanPostProcessor - No CamelContext defined yet so cannot inject into bean: org.apache.camel.impl.health.DefaultHealthCheckRegistry
2020-07-18 INFO  o.a.c.i.e.BaseExecutorServiceManager - Using custom DefaultThreadPoolProfile: ThreadPoolProfile[default (true) size:20-20, keepAlive:60 SECONDS, maxQueue:1000, allowCoreThreadTimeOut:true, rejectedPolicy:CallerRuns]
2020-07-18 INFO  o.a.c.s.b.SpringBootRoutesCollector - Loading additional Camel XML routes from: classpath:camel/*.xml
2020-07-18 INFO  o.a.c.s.b.SpringBootRoutesCollector - Loading additional Camel XML rests from: classpath:camel-rest/*.xml
2020-07-18 WARN  o.a.c.c.rabbitmq.RabbitMQComponent - The old syntax rabbitmq://hostname:port/exchangeName is deprecated. You should configure the hostname on the component or ConnectionFactory
2020-07-18 INFO  o.a.c.i.engine.AbstractCamelContext - Apache Camel 3.4.0 (camel-1) is starting
2020-07-18 INFO  o.a.c.i.engine.AbstractCamelContext - StreamCaching is not in use. If using streams then its recommended to enable stream caching. See more details at http://camel.apache.org/stream-caching.html
2020-07-18 INFO  o.a.c.i.engine.AbstractCamelContext - Using HealthCheck: camel-spring-boot
2020-07-18 WARN  o.a.c.c.rabbitmq.RabbitConsumer - Unable to open channel for RabbitMQConsumer. Continuing and will try again
java.net.UnknownHostException: rabbitmq.rabbitmq.svc.cluster.local: Name or service not known
	at java.base/java.net.Inet6AddressImpl.lookupAllHostAddr(Native Method)
	at java.base/java.net.InetAddress$PlatformNameService.lookupAllHostAddr(InetAddress.java:929)
	at java.base/java.net.InetAddress.getAddressesFromNameService(InetAddress.java:1515)
	at java.base/java.net.InetAddress$NameServiceAddresses.get(InetAddress.java:848)
	at java.base/java.net.InetAddress.getAllByName0(InetAddress.java:1505)
	at java.base/java.net.InetAddress.getAllByName(InetAddress.java:1364)
	at java.base/java.net.InetAddress.getAllByName(InetAddress.java:1298)
	at com.rabbitmq.client.DnsRecordIpAddressResolver.resolveIpAddresses(DnsRecordIpAddressResolver.java:83)
	at com.rabbitmq.client.DnsRecordIpAddressResolver.getAddresses(DnsRecordIpAddressResolver.java:73)
	at com.rabbitmq.client.impl.recovery.RecoveryAwareAMQConnectionFactory.newConnection(RecoveryAwareAMQConnectionFactory.java:58)
	at com.rabbitmq.client.impl.recovery.AutorecoveringConnection.init(AutorecoveringConnection.java:156)
	at com.rabbitmq.client.ConnectionFactory.newConnection(ConnectionFactory.java:1095)
	at com.rabbitmq.client.ConnectionFactory.newConnection(ConnectionFactory.java:1054)
	at com.rabbitmq.client.ConnectionFactory.newConnection(ConnectionFactory.java:1012)
	at com.rabbitmq.client.ConnectionFactory.newConnection(ConnectionFactory.java:1201)
	at org.apache.camel.component.rabbitmq.RabbitMQEndpoint.connect(RabbitMQEndpoint.java:234)
	at org.apache.camel.component.rabbitmq.RabbitMQConsumer.openConnection(RabbitMQConsumer.java:69)
	at org.apache.camel.component.rabbitmq.RabbitMQConsumer.getConnection(RabbitMQConsumer.java:78)
	at org.apache.camel.component.rabbitmq.RabbitConsumer.<init>(RabbitConsumer.java:58)
	at org.apache.camel.component.rabbitmq.RabbitMQConsumer.createConsumer(RabbitMQConsumer.java:127)
	at org.apache.camel.component.rabbitmq.RabbitMQConsumer.createConsumers(RabbitMQConsumer.java:99)
	at org.apache.camel.component.rabbitmq.RabbitMQConsumer.doStart(RabbitMQConsumer.java:179)
	at org.apache.camel.support.service.BaseService.start(BaseService.java:115)
	at org.apache.camel.impl.engine.AbstractCamelContext.startService(AbstractCamelContext.java:3025)
	at org.apache.camel.impl.engine.InternalRouteStartupManager.doStartOrResumeRouteConsumers(InternalRouteStartupManager.java:348)
	at org.apache.camel.impl.engine.InternalRouteStartupManager.doStartRouteConsumers(InternalRouteStartupManager.java:275)
	at org.apache.camel.impl.engine.InternalRouteStartupManager.safelyStartRouteServices(InternalRouteStartupManager.java:180)
	at org.apache.camel.impl.engine.InternalRouteStartupManager.doStartOrResumeRoutes(InternalRouteStartupManager.java:114)
	at org.apache.camel.impl.engine.AbstractCamelContext.doStartCamel(AbstractCamelContext.java:2809)
	at org.apache.camel.impl.engine.AbstractCamelContext.doStartContext(AbstractCamelContext.java:2657)
	at org.apache.camel.impl.engine.AbstractCamelContext.doStart(AbstractCamelContext.java:2620)
	at org.apache.camel.spring.boot.SpringBootCamelContext.doStart(SpringBootCamelContext.java:43)
	at org.apache.camel.support.service.BaseService.start(BaseService.java:115)
	at org.apache.camel.impl.engine.AbstractCamelContext.start(AbstractCamelContext.java:2452)
	at org.apache.camel.spring.SpringCamelContext.start(SpringCamelContext.java:121)
	at org.apache.camel.spring.SpringCamelContext.onApplicationEvent(SpringCamelContext.java:157)
	at org.springframework.context.event.SimpleApplicationEventMulticaster.doInvokeListener(SimpleApplicationEventMulticaster.java:172)
	at org.springframework.context.event.SimpleApplicationEventMulticaster.invokeListener(SimpleApplicationEventMulticaster.java:165)
	at org.springframework.context.event.SimpleApplicationEventMulticaster.multicastEvent(SimpleApplicationEventMulticaster.java:139)
	at org.springframework.context.support.AbstractApplicationContext.publishEvent(AbstractApplicationContext.java:403)
	at org.springframework.context.support.AbstractApplicationContext.publishEvent(AbstractApplicationContext.java:360)
	at org.springframework.context.support.AbstractApplicationContext.finishRefresh(AbstractApplicationContext.java:897)
	at org.springframework.context.support.AbstractApplicationContext.refresh(AbstractApplicationContext.java:553)
	at org.springframework.boot.SpringApplication.refresh(SpringApplication.java:744)
	at org.springframework.boot.SpringApplication.refreshContext(SpringApplication.java:391)
	at org.springframework.boot.SpringApplication.run(SpringApplication.java:312)
	at org.springframework.boot.test.context.SpringBootContextLoader.loadContext(SpringBootContextLoader.java:121)
	at org.springframework.test.context.cache.DefaultCacheAwareContextLoaderDelegate.loadContextInternal(DefaultCacheAwareContextLoaderDelegate.java:99)
	at org.springframework.test.context.cache.DefaultCacheAwareContextLoaderDelegate.loadContext(DefaultCacheAwareContextLoaderDelegate.java:117)
	at org.springframework.test.context.support.DefaultTestContext.getApplicationContext(DefaultTestContext.java:108)
	at org.springframework.test.context.support.DependencyInjectionTestExecutionListener.injectDependencies(DependencyInjectionTestExecutionListener.java:118)
	at org.springframework.test.context.support.DependencyInjectionTestExecutionListener.prepareTestInstance(DependencyInjectionTestExecutionListener.java:83)
	at org.springframework.boot.test.autoconfigure.SpringBootDependencyInjectionTestExecutionListener.prepareTestInstance(SpringBootDependencyInjectionTestExecutionListener.java:43)
	at org.springframework.test.context.TestContextManager.prepareTestInstance(TestContextManager.java:246)
	at org.springframework.test.context.junit4.SpringJUnit4ClassRunner.createTest(SpringJUnit4ClassRunner.java:227)
	at org.springframework.test.context.junit4.SpringJUnit4ClassRunner$1.runReflectiveCall(SpringJUnit4ClassRunner.java:289)
	at org.junit.internal.runners.model.ReflectiveCallable.run(ReflectiveCallable.java:12)
	at org.springframework.test.context.junit4.SpringJUnit4ClassRunner.methodBlock(SpringJUnit4ClassRunner.java:291)
	at org.springframework.test.context.junit4.SpringJUnit4ClassRunner.runChild(SpringJUnit4ClassRunner.java:246)
	at org.springframework.test.context.junit4.SpringJUnit4ClassRunner.runChild(SpringJUnit4ClassRunner.java:97)
	at org.junit.runners.ParentRunner$3.run(ParentRunner.java:290)
	at org.junit.runners.ParentRunner$1.schedule(ParentRunner.java:71)
	at org.junit.runners.ParentRunner.runChildren(ParentRunner.java:288)
	at org.junit.runners.ParentRunner.access$000(ParentRunner.java:58)
	at org.junit.runners.ParentRunner$2.evaluate(ParentRunner.java:268)
	at org.springframework.test.context.junit4.statements.RunBeforeTestClassCallbacks.evaluate(RunBeforeTestClassCallbacks.java:61)
	at org.springframework.test.context.junit4.statements.RunAfterTestClassCallbacks.evaluate(RunAfterTestClassCallbacks.java:70)
	at org.junit.runners.ParentRunner.run(ParentRunner.java:363)
	at org.springframework.test.context.junit4.SpringJUnit4ClassRunner.run(SpringJUnit4ClassRunner.java:190)
	at org.apache.maven.surefire.junit4.JUnit4Provider.execute(JUnit4Provider.java:365)
	at org.apache.maven.surefire.junit4.JUnit4Provider.executeWithRerun(JUnit4Provider.java:273)
	at org.apache.maven.surefire.junit4.JUnit4Provider.executeTestSet(JUnit4Provider.java:238)
	at org.apache.maven.surefire.junit4.JUnit4Provider.invoke(JUnit4Provider.java:159)
	at org.apache.maven.surefire.booter.ForkedBooter.invokeProviderInSameClassLoader(ForkedBooter.java:384)
	at org.apache.maven.surefire.booter.ForkedBooter.runSuitesInProcess(ForkedBooter.java:345)
	at org.apache.maven.surefire.booter.ForkedBooter.execute(ForkedBooter.java:126)
	at org.apache.maven.surefire.booter.ForkedBooter.main(ForkedBooter.java:418)
2020-07-18 INFO  o.a.c.c.rabbitmq.RabbitMQConsumer - Connection failed starting consumers, will start background thread to retry!
org.apache.camel.RuntimeCamelException: java.io.IOException: The RabbitMQ channel is not open
	at org.apache.camel.RuntimeCamelException.wrapRuntimeException(RuntimeCamelException.java:68)
	at org.apache.camel.support.service.BaseService.doFail(BaseService.java:411)
	at org.apache.camel.support.service.BaseService.fail(BaseService.java:337)
	at org.apache.camel.support.service.BaseService.start(BaseService.java:127)
	at org.apache.camel.support.service.ServiceHelper.startService(ServiceHelper.java:84)
	at org.apache.camel.component.rabbitmq.RabbitMQConsumer.startConsumers(RabbitMQConsumer.java:112)
	at org.apache.camel.component.rabbitmq.RabbitMQConsumer.doStart(RabbitMQConsumer.java:180)
	at org.apache.camel.support.service.BaseService.start(BaseService.java:115)
	at org.apache.camel.impl.engine.AbstractCamelContext.startService(AbstractCamelContext.java:3025)
	at org.apache.camel.impl.engine.InternalRouteStartupManager.doStartOrResumeRouteConsumers(InternalRouteStartupManager.java:348)
	at org.apache.camel.impl.engine.InternalRouteStartupManager.doStartRouteConsumers(InternalRouteStartupManager.java:275)
	at org.apache.camel.impl.engine.InternalRouteStartupManager.safelyStartRouteServices(InternalRouteStartupManager.java:180)
	at org.apache.camel.impl.engine.InternalRouteStartupManager.doStartOrResumeRoutes(InternalRouteStartupManager.java:114)
	at org.apache.camel.impl.engine.AbstractCamelContext.doStartCamel(AbstractCamelContext.java:2809)
	at org.apache.camel.impl.engine.AbstractCamelContext.doStartContext(AbstractCamelContext.java:2657)
	at org.apache.camel.impl.engine.AbstractCamelContext.doStart(AbstractCamelContext.java:2620)
	at org.apache.camel.spring.boot.SpringBootCamelContext.doStart(SpringBootCamelContext.java:43)
	at org.apache.camel.support.service.BaseService.start(BaseService.java:115)
	at org.apache.camel.impl.engine.AbstractCamelContext.start(AbstractCamelContext.java:2452)
	at org.apache.camel.spring.SpringCamelContext.start(SpringCamelContext.java:121)
	at org.apache.camel.spring.SpringCamelContext.onApplicationEvent(SpringCamelContext.java:157)
	at org.springframework.context.event.SimpleApplicationEventMulticaster.doInvokeListener(SimpleApplicationEventMulticaster.java:172)
	at org.springframework.context.event.SimpleApplicationEventMulticaster.invokeListener(SimpleApplicationEventMulticaster.java:165)
	at org.springframework.context.event.SimpleApplicationEventMulticaster.multicastEvent(SimpleApplicationEventMulticaster.java:139)
	at org.springframework.context.support.AbstractApplicationContext.publishEvent(AbstractApplicationContext.java:403)
	at org.springframework.context.support.AbstractApplicationContext.publishEvent(AbstractApplicationContext.java:360)
	at org.springframework.context.support.AbstractApplicationContext.finishRefresh(AbstractApplicationContext.java:897)
	at org.springframework.context.support.AbstractApplicationContext.refresh(AbstractApplicationContext.java:553)
	at org.springframework.boot.SpringApplication.refresh(SpringApplication.java:744)
	at org.springframework.boot.SpringApplication.refreshContext(SpringApplication.java:391)
	at org.springframework.boot.SpringApplication.run(SpringApplication.java:312)
	at org.springframework.boot.test.context.SpringBootContextLoader.loadContext(SpringBootContextLoader.java:121)
	at org.springframework.test.context.cache.DefaultCacheAwareContextLoaderDelegate.loadContextInternal(DefaultCacheAwareContextLoaderDelegate.java:99)
	at org.springframework.test.context.cache.DefaultCacheAwareContextLoaderDelegate.loadContext(DefaultCacheAwareContextLoaderDelegate.java:117)
	at org.springframework.test.context.support.DefaultTestContext.getApplicationContext(DefaultTestContext.java:108)
	at org.springframework.test.context.support.DependencyInjectionTestExecutionListener.injectDependencies(DependencyInjectionTestExecutionListener.java:118)
	at org.springframework.test.context.support.DependencyInjectionTestExecutionListener.prepareTestInstance(DependencyInjectionTestExecutionListener.java:83)
	at org.springframework.boot.test.autoconfigure.SpringBootDependencyInjectionTestExecutionListener.prepareTestInstance(SpringBootDependencyInjectionTestExecutionListener.java:43)
	at org.springframework.test.context.TestContextManager.prepareTestInstance(TestContextManager.java:246)
	at org.springframework.test.context.junit4.SpringJUnit4ClassRunner.createTest(SpringJUnit4ClassRunner.java:227)
	at org.springframework.test.context.junit4.SpringJUnit4ClassRunner$1.runReflectiveCall(SpringJUnit4ClassRunner.java:289)
	at org.junit.internal.runners.model.ReflectiveCallable.run(ReflectiveCallable.java:12)
	at org.springframework.test.context.junit4.SpringJUnit4ClassRunner.methodBlock(SpringJUnit4ClassRunner.java:291)
	at org.springframework.test.context.junit4.SpringJUnit4ClassRunner.runChild(SpringJUnit4ClassRunner.java:246)
	at org.springframework.test.context.junit4.SpringJUnit4ClassRunner.runChild(SpringJUnit4ClassRunner.java:97)
	at org.junit.runners.ParentRunner$3.run(ParentRunner.java:290)
	at org.junit.runners.ParentRunner$1.schedule(ParentRunner.java:71)
	at org.junit.runners.ParentRunner.runChildren(ParentRunner.java:288)
	at org.junit.runners.ParentRunner.access$000(ParentRunner.java:58)
	at org.junit.runners.ParentRunner$2.evaluate(ParentRunner.java:268)
	at org.springframework.test.context.junit4.statements.RunBeforeTestClassCallbacks.evaluate(RunBeforeTestClassCallbacks.java:61)
	at org.springframework.test.context.junit4.statements.RunAfterTestClassCallbacks.evaluate(RunAfterTestClassCallbacks.java:70)
	at org.junit.runners.ParentRunner.run(ParentRunner.java:363)
	at org.springframework.test.context.junit4.SpringJUnit4ClassRunner.run(SpringJUnit4ClassRunner.java:190)
	at org.apache.maven.surefire.junit4.JUnit4Provider.execute(JUnit4Provider.java:365)
	at org.apache.maven.surefire.junit4.JUnit4Provider.executeWithRerun(JUnit4Provider.java:273)
	at org.apache.maven.surefire.junit4.JUnit4Provider.executeTestSet(JUnit4Provider.java:238)
	at org.apache.maven.surefire.junit4.JUnit4Provider.invoke(JUnit4Provider.java:159)
	at org.apache.maven.surefire.booter.ForkedBooter.invokeProviderInSameClassLoader(ForkedBooter.java:384)
	at org.apache.maven.surefire.booter.ForkedBooter.runSuitesInProcess(ForkedBooter.java:345)
	at org.apache.maven.surefire.booter.ForkedBooter.execute(ForkedBooter.java:126)
	at org.apache.maven.surefire.booter.ForkedBooter.main(ForkedBooter.java:418)
Caused by: java.io.IOException: The RabbitMQ channel is not open
	at org.apache.camel.component.rabbitmq.RabbitConsumer.doStart(RabbitConsumer.java:183)
	at org.apache.camel.support.service.BaseService.start(BaseService.java:115)
	... 58 common frames omitted
2020-07-18 INFO  o.a.c.i.e.InternalRouteStartupManager - Route: rabbitEmployeeRoute started and consuming from: rabbitmq://rabbitmq.rabbitmq.svc.cluster.local:5672/example-exchange
2020-07-18 INFO  o.a.c.i.engine.AbstractCamelContext - Total 1 routes, of which 1 are started
2020-07-18 INFO  o.a.c.i.engine.AbstractCamelContext - Apache Camel 3.4.0 (camel-1) started in 0.085 seconds
2020-07-18 INFO  c.a.c.c.CamelConsumerApplicationTests - Started CamelConsumerApplicationTests in 6.894 seconds (JVM running for 8.25)
2020-07-18 INFO  o.a.c.c.rabbitmq.RabbitConsumer - Attempting to open a new rabbitMQ channel
2020-07-18 INFO  o.a.c.c.rabbitmq.RabbitMQConsumer - Connection failed, will retry in 5000ms
java.net.UnknownHostException: rabbitmq.rabbitmq.svc.cluster.local
	at java.base/java.net.InetAddress$CachedAddresses.get(InetAddress.java:797)
	at java.base/java.net.InetAddress.getAllByName0(InetAddress.java:1505)
	at java.base/java.net.InetAddress.getAllByName(InetAddress.java:1364)
	at java.base/java.net.InetAddress.getAllByName(InetAddress.java:1298)
	at com.rabbitmq.client.DnsRecordIpAddressResolver.resolveIpAddresses(DnsRecordIpAddressResolver.java:83)
	at com.rabbitmq.client.DnsRecordIpAddressResolver.getAddresses(DnsRecordIpAddressResolver.java:73)
	at com.rabbitmq.client.impl.recovery.RecoveryAwareAMQConnectionFactory.newConnection(RecoveryAwareAMQConnectionFactory.java:58)
	at com.rabbitmq.client.impl.recovery.AutorecoveringConnection.init(AutorecoveringConnection.java:156)
	at com.rabbitmq.client.ConnectionFactory.newConnection(ConnectionFactory.java:1095)
	at com.rabbitmq.client.ConnectionFactory.newConnection(ConnectionFactory.java:1054)
	at com.rabbitmq.client.ConnectionFactory.newConnection(ConnectionFactory.java:1012)
	at com.rabbitmq.client.ConnectionFactory.newConnection(ConnectionFactory.java:1201)
	at org.apache.camel.component.rabbitmq.RabbitMQEndpoint.connect(RabbitMQEndpoint.java:234)
	at org.apache.camel.component.rabbitmq.RabbitMQConsumer.openConnection(RabbitMQConsumer.java:69)
	at org.apache.camel.component.rabbitmq.RabbitMQConsumer.getConnection(RabbitMQConsumer.java:78)
	at org.apache.camel.component.rabbitmq.RabbitConsumer.reconnect(RabbitConsumer.java:323)
	at org.apache.camel.component.rabbitmq.RabbitMQConsumer$StartConsumerCallable.call(RabbitMQConsumer.java:221)
	at org.apache.camel.component.rabbitmq.RabbitMQConsumer$StartConsumerCallable.call(RabbitMQConsumer.java:201)
	at java.base/java.util.concurrent.FutureTask.run(FutureTask.java:264)
	at java.base/java.util.concurrent.ThreadPoolExecutor.runWorker(ThreadPoolExecutor.java:1128)
	at java.base/java.util.concurrent.ThreadPoolExecutor$Worker.run(ThreadPoolExecutor.java:628)
	at java.base/java.lang.Thread.run(Thread.java:834)
2020-07-18 INFO  o.a.c.i.engine.AbstractCamelContext - Apache Camel 3.4.0 (camel-1) is shutting down
2020-07-18 INFO  o.a.c.i.e.DefaultShutdownStrategy - Starting to graceful shutdown 1 routes (timeout 45 seconds)
2020-07-18 INFO  o.a.c.i.e.DefaultShutdownStrategy - Route: rabbitEmployeeRoute shutdown complete, was consuming from: rabbitmq://rabbitmq.rabbitmq.svc.cluster.local:5672/example-exchange
2020-07-18 INFO  o.a.c.i.e.DefaultShutdownStrategy - Graceful shutdown of 1 routes completed in 0 seconds
2020-07-18 INFO  o.a.c.i.engine.AbstractCamelContext - Apache Camel 3.4.0 (camel-1) uptime 0.284 seconds
2020-07-18 INFO  o.a.c.i.engine.AbstractCamelContext - Apache Camel 3.4.0 (camel-1) is shutdown in 0.016 seconds
2020-07-18 INFO  o.s.o.j.LocalContainerEntityManagerFactoryBean - Closing JPA EntityManagerFactory for persistence unit 'default'
2020-07-18 INFO  com.zaxxer.hikari.HikariDataSource - HikariPool-1 - Shutdown initiated...
2020-07-18 INFO  com.zaxxer.hikari.HikariDataSource - HikariPool-1 - Shutdown completed.
